[MOVE] 2026-01-19T07:07:13.659086 uci=d2d4 fen=rnbqkbnr/pppppppp/8/8/3P4/8/PPP1PPPP/RNBQKBNR b KQkq - 0 1 time=0.35 engine_skill=0 engine_persona=Grasshopper
[MOVE-RESULT] 2026-01-19T07:07:14.411755 reply='g7g6' fen=rnbqkbnr/pppppp1p/6p1/8/3P4/8/PPP1PPPP/RNBQKBNR w KQkq - 0 2 engine_skill=0 engine_persona=Grasshopper rng_seed=None
[MOVE] 2026-01-19T07:36:52.876457 uci=d2d4 fen=rnbqkbnr/pppppppp/8/8/3P4/8/PPP1PPPP/RNBQKBNR b KQkq - 0 1 time=0.35 engine_skill=0 engine_persona=Grasshopper
[MOVE-RESULT] 2026-01-19T07:36:53.643897 reply='c7c5' fen=rnbqkbnr/pp1ppppp/8/2p5/3P4/8/PPP1PPPP/RNBQKBNR w KQkq - 0 2 engine_skill=0 engine_persona=Grasshopper rng_seed=None
[MOVE] 2026-01-19T07:37:05.827337 uci=g1f3 fen=rnbqkbnr/pp1ppppp/8/2p5/3P4/5N2/PPP1PPPP/RNBQKB1R b KQkq - 1 2 time=0.35 engine_skill=0 engine_persona=Grasshopper
[MOVE-RESULT] 2026-01-19T07:37:06.539561 reply='b7b6' fen=rnbqkbnr/p2ppppp/1p6/2p5/3P4/5N2/PPP1PPPP/RNBQKB1R w KQkq - 0 3 engine_skill=0 engine_persona=Grasshopper rng_seed=None
[MOVE] 2026-01-19T07:37:08.924889 uci=c1f4 fen=rnbqkbnr/p2ppppp/1p6/2p5/3P1B2/5N2/PPP1PPPP/RN1QKB1R b KQkq - 1 3 time=0.35 engine_skill=0 engine_persona=Grasshopper
[MOVE-RESULT] 2026-01-19T07:37:09.343383 reply='c8b7' fen=rn1qkbnr/pb1ppppp/1p6/2p5/3P1B2/5N2/PPP1PPPP/RN1QKB1R w KQkq - 2 4 engine_skill=0 engine_persona=Grasshopper rng_seed=None
[MOVE] 2026-01-19T07:37:10.807748 uci=e2e3 fen=rn1qkbnr/pb1ppppp/1p6/2p5/3P1B2/4PN2/PPP2PPP/RN1QKB1R b KQkq - 0 4 time=0.35 engine_skill=0 engine_persona=Grasshopper
[MOVE-RESULT] 2026-01-19T07:37:11.395604 reply='g7g6' fen=rn1qkbnr/pb1ppp1p/1p4p1/2p5/3P1B2/4PN2/PPP2PPP/RN1QKB1R w KQkq - 0 5 engine_skill=0 engine_persona=Grasshopper rng_seed=None
[MOVE] 2026-01-19T07:37:19.541424 uci=f4e5 fen=rn1qkbnr/pb1ppp1p/1p4p1/2p1B3/3P4/4PN2/PPP2PPP/RN1QKB1R b KQkq - 1 5 time=0.35 engine_skill=0 engine_persona=Grasshopper
[MOVE-RESULT] 2026-01-19T07:37:20.004351 reply='b8c6' fen=r2qkbnr/pb1ppp1p/1pn3p1/2p1B3/3P4/4PN2/PPP2PPP/RN1QKB1R w KQkq - 2 6 engine_skill=0 engine_persona=Grasshopper rng_seed=None
[MOVE] 2026-01-19T07:37:22.039714 uci=e5h8 fen=r2qkbnB/pb1ppp1p/1pn3p1/2p5/3P4/4PN2/PPP2PPP/RN1QKB1R b KQq - 0 6 time=0.35 engine_skill=0 engine_persona=Grasshopper
[MOVE-RESULT] 2026-01-19T07:37:22.483213 reply='g8h6' fen=r2qkb1B/pb1ppp1p/1pn3pn/2p5/3P4/4PN2/PPP2PPP/RN1QKB1R w KQq - 1 7 engine_skill=0 engine_persona=Grasshopper rng_seed=None
[MOVE] 2026-01-19T07:37:38.108371 uci=b1d2 fen=r2qkb1B/pb1ppp1p/1pn3pn/2p5/3P4/4PN2/PPPN1PPP/R2QKB1R b KQq - 2 7 time=0.35 engine_skill=0 engine_persona=Grasshopper
[MOVE-RESULT] 2026-01-19T07:37:38.457731 reply='c6a5' fen=r2qkb1B/pb1ppp1p/1p4pn/n1p5/3P4/4PN2/PPPN1PPP/R2QKB1R w KQq - 3 8 engine_skill=0 engine_persona=Grasshopper rng_seed=None
[MOVE] 2026-01-19T07:37:46.909023 uci=c2c3 fen=r2qkb1B/pb1ppp1p/1p4pn/n1p5/3P4/2P1PN2/PP1N1PPP/R2QKB1R b KQq - 0 8 time=0.35 engine_skill=0 engine_persona=Grasshopper
[MOVE-RESULT] 2026-01-19T07:37:47.246851 reply='h6g4' fen=r2qkb1B/pb1ppp1p/1p4p1/n1p5/3P2n1/2P1PN2/PP1N1PPP/R2QKB1R w KQq - 1 9 engine_skill=0 engine_persona=Grasshopper rng_seed=None
[MOVE] 2026-01-19T07:37:51.708204 uci=h2h3 fen=r2qkb1B/pb1ppp1p/1p4p1/n1p5/3P2n1/2P1PN1P/PP1N1PP1/R2QKB1R b KQq - 0 9 time=0.35 engine_skill=0 engine_persona=Grasshopper
[MOVE-RESULT] 2026-01-19T07:37:52.059738 reply='g4f6' fen=r2qkb1B/pb1ppp1p/1p3np1/n1p5/3P4/2P1PN1P/PP1N1PP1/R2QKB1R w KQq - 1 10 engine_skill=0 engine_persona=Grasshopper rng_seed=None
[MOVE] 2026-01-19T07:38:06.184212 uci=f1d3 fen=r2qkb1B/pb1ppp1p/1p3np1/n1p5/3P4/2PBPN1P/PP1N1PP1/R2QK2R b KQq - 2 10 time=0.35 engine_skill=0 engine_persona=Grasshopper
[MOVE-RESULT] 2026-01-19T07:38:06.559064 reply='a7a6' fen=r2qkb1B/1b1ppp1p/pp3np1/n1p5/3P4/2PBPN1P/PP1N1PP1/R2QK2R w KQq - 0 11 engine_skill=0 engine_persona=Grasshopper rng_seed=None
[MOVE] 2026-01-19T07:38:23.428344 uci=e1g1 fen=r2qkb1B/1b1ppp1p/pp3np1/n1p5/3P4/2PBPN1P/PP1N1PP1/R2Q1RK1 b q - 1 11 time=0.35 engine_skill=0 engine_persona=Grasshopper
[MOVE-RESULT] 2026-01-19T07:38:23.841596 reply='e7e6' fen=r2qkb1B/1b1p1p1p/pp2pnp1/n1p5/3P4/2PBPN1P/PP1N1PP1/R2Q1RK1 w q - 0 12 engine_skill=0 engine_persona=Grasshopper rng_seed=None
[MOVE] 2026-01-19T07:39:18.842251 uci=d2b3 fen=r2qkb1B/1b1p1p1p/pp2pnp1/n1p5/3P4/1NPBPN1P/PP3PP1/R2Q1RK1 b q - 1 12 time=0.35 engine_skill=0 engine_persona=Grasshopper
[MOVE-RESULT] 2026-01-19T07:39:19.281122 reply='f6e4' fen=r2qkb1B/1b1p1p1p/pp2p1p1/n1p5/3Pn3/1NPBPN1P/PP3PP1/R2Q1RK1 w q - 2 13 engine_skill=0 engine_persona=Grasshopper rng_seed=None
[MOVE] 2026-01-19T07:39:23.918461 uci=d3e4 fen=r2qkb1B/1b1p1p1p/pp2p1p1/n1p5/3PB3/1NP1PN1P/PP3PP1/R2Q1RK1 b q - 0 13 time=0.35 engine_skill=0 engine_persona=Grasshopper
[MOVE-RESULT] 2026-01-19T07:39:24.307776 reply='f8d6' fen=r2qk2B/1b1p1p1p/pp1bp1p1/n1p5/3PB3/1NP1PN1P/PP3PP1/R2Q1RK1 w q - 1 14 engine_skill=0 engine_persona=Grasshopper rng_seed=None
[MOVE] 2026-01-19T07:39:30.240035 uci=h8e5 fen=r2qk3/1b1p1p1p/pp1bp1p1/n1p1B3/3PB3/1NP1PN1P/PP3PP1/R2Q1RK1 b q - 2 14 time=0.35 engine_skill=0 engine_persona=Grasshopper
[MOVE-RESULT] 2026-01-19T07:39:30.624658 reply='a5c6' fen=r2qk3/1b1p1p1p/ppnbp1p1/2p1B3/3PB3/1NP1PN1P/PP3PP1/R2Q1RK1 w q - 3 15 engine_skill=0 engine_persona=Grasshopper rng_seed=None
[MOVE] 2026-01-19T07:39:32.244211 uci=e5d6 fen=r2qk3/1b1p1p1p/ppnBp1p1/2p5/3PB3/1NP1PN1P/PP3PP1/R2Q1RK1 b q - 0 15 time=0.35 engine_skill=0 engine_persona=Grasshopper
[MOVE-RESULT] 2026-01-19T07:39:32.630564 reply='c5d4' fen=r2qk3/1b1p1p1p/ppnBp1p1/8/3pB3/1NP1PN1P/PP3PP1/R2Q1RK1 w q - 0 16 engine_skill=0 engine_persona=Grasshopper rng_seed=None
[MOVE] 2026-01-19T07:39:49.771666 uci=d6e5 fen=r2qk3/1b1p1p1p/ppn1p1p1/4B3/3pB3/1NP1PN1P/PP3PP1/R2Q1RK1 b q - 1 16 time=0.35 engine_skill=0 engine_persona=Grasshopper
[MOVE-RESULT] 2026-01-19T07:39:50.114417 reply='f7f6' fen=r2qk3/1b1p3p/ppn1ppp1/4B3/3pB3/1NP1PN1P/PP3PP1/R2Q1RK1 w q - 0 17 engine_skill=0 engine_persona=Grasshopper rng_seed=None
[MOVE] 2026-01-19T07:39:58.266706 uci=e5f4 fen=r2qk3/1b1p3p/ppn1ppp1/8/3pBB2/1NP1PN1P/PP3PP1/R2Q1RK1 b q - 1 17 time=0.35 engine_skill=0 engine_persona=Grasshopper
[MOVE-RESULT] 2026-01-19T07:39:58.641302 reply='b6b5' fen=r2qk3/1b1p3p/p1n1ppp1/1p6/3pBB2/1NP1PN1P/PP3PP1/R2Q1RK1 w q - 0 18 engine_skill=0 engine_persona=Grasshopper rng_seed=None
[MOVE] 2026-01-19T07:40:09.251817 uci=c3d4 fen=r2qk3/1b1p3p/p1n1ppp1/1p6/3PBB2/1N2PN1P/PP3PP1/R2Q1RK1 b q - 0 18 time=0.35 engine_skill=0 engine_persona=Grasshopper
[MOVE-RESULT] 2026-01-19T07:40:09.639215 reply='a6a5' fen=r2qk3/1b1p3p/2n1ppp1/pp6/3PBB2/1N2PN1P/PP3PP1/R2Q1RK1 w q - 0 19 engine_skill=0 engine_persona=Grasshopper rng_seed=None
[MOVE] 2026-01-19T07:40:11.611863 uci=a1c1 fen=r2qk3/1b1p3p/2n1ppp1/pp6/3PBB2/1N2PN1P/PP3PP1/2RQ1RK1 b q - 1 19 time=0.35 engine_skill=0 engine_persona=Grasshopper
[MOVE-RESULT] 2026-01-19T07:40:12.001923 reply='d7d6' fen=r2qk3/1b5p/2npppp1/pp6/3PBB2/1N2PN1P/PP3PP1/2RQ1RK1 w q - 0 20 engine_skill=0 engine_persona=Grasshopper rng_seed=None
[MOVE] 2026-01-19T07:41:14.304608 uci=d1e1 fen=r2qk3/1b5p/2npppp1/pp6/3PBB2/1N2PN1P/PP3PP1/2R1QRK1 b q - 1 20 time=0.35 engine_skill=0 engine_persona=Grasshopper
[MOVE-RESULT] 2026-01-19T07:41:14.717674 reply='f6f5' fen=r2qk3/1b5p/2npp1p1/pp3p2/3PBB2/1N2PN1P/PP3PP1/2R1QRK1 w q - 0 21 engine_skill=0 engine_persona=Grasshopper rng_seed=None
[MOVE] 2026-01-19T07:41:17.041946 uci=b3a5 fen=r2qk3/1b5p/2npp1p1/Np3p2/3PBB2/4PN1P/PP3PP1/2R1QRK1 b q - 0 21 time=0.35 engine_skill=0 engine_persona=Grasshopper
[MOVE-RESULT] 2026-01-19T07:41:17.447571 reply='a8a5' fen=3qk3/1b5p/2npp1p1/rp3p2/3PBB2/4PN1P/PP3PP1/2R1QRK1 w - - 0 22 engine_skill=0 engine_persona=Grasshopper rng_seed=None
[MOVE] 2026-01-19T07:41:21.368574 uci=e1a5 fen=3qk3/1b5p/2npp1p1/Qp3p2/3PBB2/4PN1P/PP3PP1/2R2RK1 b - - 0 22 time=0.35 engine_skill=0 engine_persona=Grasshopper
[MOVE-RESULT] 2026-01-19T07:41:21.776169 reply='e6e5' fen=3qk3/1b5p/2np2p1/Qp2pp2/3PBB2/4PN1P/PP3PP1/2R2RK1 w - - 0 23 engine_skill=0 engine_persona=Grasshopper rng_seed=None
[MOVE] 2026-01-19T07:41:27.443703 uci=a5a3 fen=3qk3/1b5p/2np2p1/1p2pp2/3PBB2/Q3PN1P/PP3PP1/2R2RK1 b - - 1 23 time=0.35 engine_skill=0 engine_persona=Grasshopper
[MOVE-RESULT] 2026-01-19T07:41:27.824585 reply='e5d4' fen=3qk3/1b5p/2np2p1/1p3p2/3pBB2/Q3PN1P/PP3PP1/2R2RK1 w - - 0 24 engine_skill=0 engine_persona=Grasshopper rng_seed=None
[MOVE] 2026-01-19T07:41:29.721177 uci=e3d4 fen=3qk3/1b5p/2np2p1/1p3p2/3PBB2/Q4N1P/PP3PP1/2R2RK1 b - - 0 24 time=0.35 engine_skill=0 engine_persona=Grasshopper
[MOVE-RESULT] 2026-01-19T07:41:30.115432 reply='e8f8' fen=3q1k2/1b5p/2np2p1/1p3p2/3PBB2/Q4N1P/PP3PP1/2R2RK1 w - - 1 25 engine_skill=0 engine_persona=Grasshopper rng_seed=None
[MOVE] 2026-01-19T07:41:32.721463 uci=e4f5 fen=3q1k2/1b5p/2np2p1/1p3B2/3P1B2/Q4N1P/PP3PP1/2R2RK1 b - - 0 25 time=0.35 engine_skill=0 engine_persona=Grasshopper
[MOVE-RESULT] 2026-01-19T07:41:33.117822 reply='c6e5' fen=3q1k2/1b5p/3p2p1/1p2nB2/3P1B2/Q4N1P/PP3PP1/2R2RK1 w - - 1 26 engine_skill=0 engine_persona=Grasshopper rng_seed=None
[MOVE] 2026-01-19T07:41:36.158443 uci=f4e5 fen=3q1k2/1b5p/3p2p1/1p2BB2/3P4/Q4N1P/PP3PP1/2R2RK1 b - - 0 26 time=0.35 engine_skill=0 engine_persona=Grasshopper
[MOVE-RESULT] 2026-01-19T07:41:36.557105 reply='h7h6' fen=3q1k2/1b6/3p2pp/1p2BB2/3P4/Q4N1P/PP3PP1/2R2RK1 w - - 0 27 engine_skill=0 engine_persona=Grasshopper rng_seed=None
[MOVE] 2026-01-19T07:41:38.579421 uci=f5g6 fen=3q1k2/1b6/3p2Bp/1p2B3/3P4/Q4N1P/PP3PP1/2R2RK1 b - - 0 27 time=0.35 engine_skill=0 engine_persona=Grasshopper
[MOVE-RESULT] 2026-01-19T07:41:38.983790 reply='h6h5' fen=3q1k2/1b6/3p2B1/1p2B2p/3P4/Q4N1P/PP3PP1/2R2RK1 w - - 0 28 engine_skill=0 engine_persona=Grasshopper rng_seed=None
[MOVE] 2026-01-19T07:41:42.428246 uci=g6h5 fen=3q1k2/1b6/3p4/1p2B2B/3P4/Q4N1P/PP3PP1/2R2RK1 b - - 0 28 time=0.35 engine_skill=0 engine_persona=Grasshopper
[MOVE-RESULT] 2026-01-19T07:41:42.848207 reply='b5b4' fen=3q1k2/1b6/3p4/4B2B/1p1P4/Q4N1P/PP3PP1/2R2RK1 w - - 0 29 engine_skill=0 engine_persona=Grasshopper rng_seed=None
[MOVE] 2026-01-19T07:41:46.498873 uci=a3b4 fen=3q1k2/1b6/3p4/4B2B/1Q1P4/5N1P/PP3PP1/2R2RK1 b - - 0 29 time=0.35 engine_skill=0 engine_persona=Grasshopper
[MOVE-RESULT] 2026-01-19T07:41:46.855269 reply='d8e8' fen=4qk2/1b6/3p4/4B2B/1Q1P4/5N1P/PP3PP1/2R2RK1 w - - 1 30 engine_skill=0 engine_persona=Grasshopper rng_seed=None
[MOVE] 2026-01-19T07:41:49.271429 uci=b4b7 fen=4qk2/1Q6/3p4/4B2B/3P4/5N1P/PP3PP1/2R2RK1 b - - 0 30 time=0.35 engine_skill=0 engine_persona=Grasshopper
[MOVE-RESULT] 2026-01-19T07:41:49.642990 reply='e8d8' fen=3q1k2/1Q6/3p4/4B2B/3P4/5N1P/PP3PP1/2R2RK1 w - - 1 31 engine_skill=0 engine_persona=Grasshopper rng_seed=None
[MOVE] 2026-01-19T07:41:56.924361 uci=e5f4 fen=3q1k2/1Q6/3p4/7B/3P1B2/5N1P/PP3PP1/2R2RK1 b - - 2 31 time=0.35 engine_skill=0 engine_persona=Grasshopper
[MOVE-RESULT] 2026-01-19T07:41:57.269636 reply='d8h4' fen=5k2/1Q6/3p4/7B/3P1B1q/5N1P/PP3PP1/2R2RK1 w - - 3 32 engine_skill=0 engine_persona=Grasshopper rng_seed=None
[MOVE] 2026-01-19T07:42:00.326997 uci=f3h4 fen=5k2/1Q6/3p4/7B/3P1B1N/7P/PP3PP1/2R2RK1 b - - 0 32 time=0.35 engine_skill=0 engine_persona=Grasshopper
[MOVE-RESULT] 2026-01-19T07:42:00.677398 reply='f8g8' fen=6k1/1Q6/3p4/7B/3P1B1N/7P/PP3PP1/2R2RK1 w - - 1 33 engine_skill=0 engine_persona=Grasshopper rng_seed=None
[MOVE] 2026-01-19T07:42:04.558618 uci=f4d6 fen=6k1/1Q6/3B4/7B/3P3N/7P/PP3PP1/2R2RK1 b - - 0 33 time=0.35 engine_skill=0 engine_persona=Grasshopper
[MOVE-RESULT] 2026-01-19T07:42:05.096825 reply='g8h8' fen=7k/1Q6/3B4/7B/3P3N/7P/PP3PP1/2R2RK1 w - - 1 34 engine_skill=0 engine_persona=Grasshopper rng_seed=None
[MOVE] 2026-01-19T07:42:06.992377 uci=c1c8 fen=2R4k/1Q6/3B4/7B/3P3N/7P/PP3PP1/5RK1 b - - 2 34 time=0.35 engine_skill=0 engine_persona=Grasshopper
[MOVE-RESULT] 2026-01-19T07:42:07.393041 reply='c1c8' fen=2R4k/1Q6/3B4/7B/3P3N/7P/PP3PP1/5RK1 b - - 2 34 engine_skill=0 engine_persona=Grasshopper rng_seed=None
[MOVE] 2026-01-19T07:44:21.333360 uci=d2d4 fen=rnbqkbnr/pppppppp/8/8/3P4/8/PPP1PPPP/RNBQKBNR b KQkq - 0 1 time=0.35 engine_skill=0 engine_persona=Grasshopper
[MOVE-RESULT] 2026-01-19T07:44:21.694082 reply='a7a6' fen=rnbqkbnr/1ppppppp/p7/8/3P4/8/PPP1PPPP/RNBQKBNR w KQkq - 0 2 engine_skill=0 engine_persona=Grasshopper rng_seed=None
[MOVE] 2026-01-19T07:44:47.315167 uci=e2e4 fen=rnbqkbnr/1ppppppp/p7/8/3PP3/8/PPP2PPP/RNBQKBNR b KQkq - 0 2 time=0.35 engine_skill=0 engine_persona=Grasshopper
[MOVE-RESULT] 2026-01-19T07:44:47.695337 reply='c7c6' fen=rnbqkbnr/1p1ppppp/p1p5/8/3PP3/8/PPP2PPP/RNBQKBNR w KQkq - 0 3 engine_skill=0 engine_persona=Grasshopper rng_seed=None
[MOVE] 2026-01-19T07:45:03.248965 uci=g1f3 fen=rnbqkbnr/1p1ppppp/p1p5/8/3PP3/5N2/PPP2PPP/RNBQKB1R b KQkq - 1 3 time=0.35 engine_skill=0 engine_persona=Grasshopper
[MOVE-RESULT] 2026-01-19T07:45:03.630992 reply='g7g6' fen=rnbqkbnr/1p1ppp1p/p1p3p1/8/3PP3/5N2/PPP2PPP/RNBQKB1R w KQkq - 0 4 engine_skill=0 engine_persona=Grasshopper rng_seed=None
[MOVE] 2026-01-19T07:45:07.215282 uci=c1g5 fen=rnbqkbnr/1p1ppp1p/p1p3p1/6B1/3PP3/5N2/PPP2PPP/RN1QKB1R b KQkq - 1 4 time=0.35 engine_skill=0 engine_persona=Grasshopper
[MOVE-RESULT] 2026-01-19T07:45:07.609678 reply='f8g7' fen=rnbqk1nr/1p1pppbp/p1p3p1/6B1/3PP3/5N2/PPP2PPP/RN1QKB1R w KQkq - 2 5 engine_skill=0 engine_persona=Grasshopper rng_seed=None
[MOVE] 2026-01-19T07:45:12.896837 uci=b1d2 fen=rnbqk1nr/1p1pppbp/p1p3p1/6B1/3PP3/5N2/PPPN1PPP/R2QKB1R b KQkq - 3 5 time=0.35 engine_skill=0 engine_persona=Grasshopper
[MOVE-RESULT] 2026-01-19T07:45:13.329563 reply='a6a5' fen=rnbqk1nr/1p1pppbp/2p3p1/p5B1/3PP3/5N2/PPPN1PPP/R2QKB1R w KQkq - 0 6 engine_skill=0 engine_persona=Grasshopper rng_seed=None
[MOVE] 2026-01-19T07:45:20.580536 uci=f1c4 fen=rnbqk1nr/1p1pppbp/2p3p1/p5B1/2BPP3/5N2/PPPN1PPP/R2QK2R b KQkq - 1 6 time=0.35 engine_skill=0 engine_persona=Grasshopper
[MOVE-RESULT] 2026-01-19T07:45:20.963247 reply='f7f6' fen=rnbqk1nr/1p1pp1bp/2p2pp1/p5B1/2BPP3/5N2/PPPN1PPP/R2QK2R w KQkq - 0 7 engine_skill=0 engine_persona=Grasshopper rng_seed=None
[MOVE] 2026-01-19T07:45:25.252534 uci=g5h4 fen=rnbqk1nr/1p1pp1bp/2p2pp1/p7/2BPP2B/5N2/PPPN1PPP/R2QK2R b KQkq - 1 7 time=0.35 engine_skill=0 engine_persona=Grasshopper
[MOVE-RESULT] 2026-01-19T07:45:25.615421 reply='b7b5' fen=rnbqk1nr/3pp1bp/2p2pp1/pp6/2BPP2B/5N2/PPPN1PPP/R2QK2R w KQkq - 0 8 engine_skill=0 engine_persona=Grasshopper rng_seed=None
[MOVE] 2026-01-19T07:45:29.397462 uci=c4b3 fen=rnbqk1nr/3pp1bp/2p2pp1/pp6/3PP2B/1B3N2/PPPN1PPP/R2QK2R b KQkq - 1 8 time=0.35 engine_skill=0 engine_persona=Grasshopper
[MOVE-RESULT] 2026-01-19T07:45:29.782169 reply='g6g5' fen=rnbqk1nr/3pp1bp/2p2p2/pp4p1/3PP2B/1B3N2/PPPN1PPP/R2QK2R w KQkq - 0 9 engine_skill=0 engine_persona=Grasshopper rng_seed=None
[MOVE] 2026-01-19T07:45:31.980918 uci=h4g3 fen=rnbqk1nr/3pp1bp/2p2p2/pp4p1/3PP3/1B3NB1/PPPN1PPP/R2QK2R b KQkq - 1 9 time=0.35 engine_skill=0 engine_persona=Grasshopper
[MOVE-RESULT] 2026-01-19T07:45:32.354223 reply='a5a4' fen=rnbqk1nr/3pp1bp/2p2p2/1p4p1/p2PP3/1B3NB1/PPPN1PPP/R2QK2R w KQkq - 0 10 engine_skill=0 engine_persona=Grasshopper rng_seed=None
[MOVE] 2026-01-19T07:45:43.694897 uci=c2c3 fen=rnbqk1nr/3pp1bp/2p2p2/1p4p1/p2PP3/1BP2NB1/PP1N1PPP/R2QK2R b KQkq - 0 10 time=0.35 engine_skill=0 engine_persona=Grasshopper
[MOVE-RESULT] 2026-01-19T07:45:44.100710 reply='h7h5' fen=rnbqk1nr/3pp1b1/2p2p2/1p4pp/p2PP3/1BP2NB1/PP1N1PPP/R2QK2R w KQkq - 0 11 engine_skill=0 engine_persona=Grasshopper rng_seed=None
[MOVE] 2026-01-19T07:45:45.793240 uci=b3c2 fen=rnbqk1nr/3pp1b1/2p2p2/1p4pp/p2PP3/2P2NB1/PPBN1PPP/R2QK2R b KQkq - 1 11 time=0.35 engine_skill=0 engine_persona=Grasshopper
[MOVE-RESULT] 2026-01-19T07:45:46.189254 reply='g8h6' fen=rnbqk2r/3pp1b1/2p2p1n/1p4pp/p2PP3/2P2NB1/PPBN1PPP/R2QK2R w KQkq - 2 12 engine_skill=0 engine_persona=Grasshopper rng_seed=None
[MOVE] 2026-01-19T07:45:51.812864 uci=e4e5 fen=rnbqk2r/3pp1b1/2p2p1n/1p2P1pp/p2P4/2P2NB1/PPBN1PPP/R2QK2R b KQkq - 0 12 time=0.35 engine_skill=0 engine_persona=Grasshopper
[MOVE-RESULT] 2026-01-19T07:45:52.221424 reply='b8a6' fen=r1bqk2r/3pp1b1/n1p2p1n/1p2P1pp/p2P4/2P2NB1/PPBN1PPP/R2QK2R w KQkq - 1 13 engine_skill=0 engine_persona=Grasshopper rng_seed=None
[MOVE] 2026-01-19T07:46:17.698576 uci=e5f6 fen=r1bqk2r/3pp1b1/n1p2P1n/1p4pp/p2P4/2P2NB1/PPBN1PPP/R2QK2R b KQkq - 0 13 time=0.35 engine_skill=0 engine_persona=Grasshopper
[MOVE-RESULT] 2026-01-19T07:46:18.048706 reply='a6c5' fen=r1bqk2r/3pp1b1/2p2P1n/1pn3pp/p2P4/2P2NB1/PPBN1PPP/R2QK2R w KQkq - 1 14 engine_skill=0 engine_persona=Grasshopper rng_seed=None
[MOVE] 2026-01-19T07:46:20.381140 uci=d4c5 fen=r1bqk2r/3pp1b1/2p2P1n/1pP3pp/p7/2P2NB1/PPBN1PPP/R2QK2R b KQkq - 0 14 time=0.35 engine_skill=0 engine_persona=Grasshopper
[MOVE-RESULT] 2026-01-19T07:46:20.812212 reply='a8a5' fen=2bqk2r/3pp1b1/2p2P1n/rpP3pp/p7/2P2NB1/PPBN1PPP/R2QK2R w KQk - 1 15 engine_skill=0 engine_persona=Grasshopper rng_seed=None
[MOVE] 2026-01-19T07:46:23.318209 uci=f6g7 fen=2bqk2r/3pp1P1/2p4n/rpP3pp/p7/2P2NB1/PPBN1PPP/R2QK2R b KQk - 0 15 time=0.35 engine_skill=0 engine_persona=Grasshopper
[MOVE-RESULT] 2026-01-19T07:46:23.711165 reply='h6g8' fen=2bqk1nr/3pp1P1/2p5/rpP3pp/p7/2P2NB1/PPBN1PPP/R2QK2R w KQk - 1 16 engine_skill=0 engine_persona=Grasshopper rng_seed=None
[MOVE] 2026-01-19T07:46:27.356130 uci=g7h8q fen=2bqk1nQ/3pp3/2p5/rpP3pp/p7/2P2NB1/PPBN1PPP/R2QK2R b KQ - 0 16 time=0.35 engine_skill=0 engine_persona=Grasshopper
[MOVE-RESULT] 2026-01-19T07:46:27.674557 reply='g5g4' fen=2bqk1nQ/3pp3/2p5/rpP4p/p5p1/2P2NB1/PPBN1PPP/R2QK2R w KQ - 0 17 engine_skill=0 engine_persona=Grasshopper rng_seed=None
[MOVE] 2026-01-19T07:46:33.376880 uci=f3g5 fen=2bqk1nQ/3pp3/2p5/rpP3Np/p5p1/2P3B1/PPBN1PPP/R2QK2R b KQ - 1 17 time=0.35 engine_skill=0 engine_persona=Grasshopper
[MOVE-RESULT] 2026-01-19T07:46:33.757740 reply='b5b4' fen=2bqk1nQ/3pp3/2p5/r1P3Np/pp4p1/2P3B1/PPBN1PPP/R2QK2R w KQ - 0 18 engine_skill=0 engine_persona=Grasshopper rng_seed=None
[MOVE] 2026-01-19T07:46:44.305236 uci=h8d4 fen=2bqk1n1/3pp3/2p5/r1P3Np/pp1Q2p1/2P3B1/PPBN1PPP/R2QK2R b KQ - 1 18 time=0.35 engine_skill=0 engine_persona=Grasshopper
[MOVE-RESULT] 2026-01-19T07:46:44.730089 reply='d7d6' fen=2bqk1n1/4p3/2pp4/r1P3Np/pp1Q2p1/2P3B1/PPBN1PPP/R2QK2R w KQ - 0 19 engine_skill=0 engine_persona=Grasshopper rng_seed=None
[MOVE] 2026-01-19T07:46:47.955187 uci=c5d6 fen=2bqk1n1/4p3/2pP4/r5Np/pp1Q2p1/2P3B1/PPBN1PPP/R2QK2R b KQ - 0 19 time=0.35 engine_skill=0 engine_persona=Grasshopper
[MOVE-RESULT] 2026-01-19T07:46:48.374357 reply='c6c5' fen=2bqk1n1/4p3/3P4/r1p3Np/pp1Q2p1/2P3B1/PPBN1PPP/R2QK2R w KQ - 0 20 engine_skill=0 engine_persona=Grasshopper rng_seed=None
[MOVE] 2026-01-19T07:46:51.086457 uci=d4d3 fen=2bqk1n1/4p3/3P4/r1p3Np/pp4p1/2PQ2B1/PPBN1PPP/R2QK2R b KQ - 1 20 time=0.35 engine_skill=0 engine_persona=Grasshopper
[MOVE-RESULT] 2026-01-19T07:46:51.472801 reply='a5a7' fen=2bqk1n1/r3p3/3P4/2p3Np/pp4p1/2PQ2B1/PPBN1PPP/R2QK2R w KQ - 2 21 engine_skill=0 engine_persona=Grasshopper rng_seed=None
[MOVE] 2026-01-19T07:46:55.073177 uci=d6d7 fen=2bqk1n1/r2Pp3/8/2p3Np/pp4p1/2PQ2B1/PPBN1PPP/R2QK2R b KQ - 0 21 time=0.35 engine_skill=0 engine_persona=Grasshopper
[MOVE-RESULT] 2026-01-19T07:46:55.431843 reply='c8d7' fen=3qk1n1/r2bp3/8/2p3Np/pp4p1/2PQ2B1/PPBN1PPP/R2QK2R w KQ - 0 22 engine_skill=0 engine_persona=Grasshopper rng_seed=None
[MOVE] 2026-01-19T07:46:59.844949 uci=c3c4 fen=3qk1n1/r2bp3/8/2p3Np/ppP3p1/3Q2B1/PPBN1PPP/R2QK2R b KQ - 0 22 time=0.35 engine_skill=0 engine_persona=Grasshopper
[MOVE-RESULT] 2026-01-19T07:47:00.268282 reply='d7c8' fen=2bqk1n1/r3p3/8/2p3Np/ppP3p1/3Q2B1/PPBN1PPP/R2QK2R w KQ - 1 23 engine_skill=0 engine_persona=Grasshopper rng_seed=None
[MOVE] 2026-01-19T07:47:03.638123 uci=d3d8 fen=2bQk1n1/r3p3/8/2p3Np/ppP3p1/6B1/PPBN1PPP/R2QK2R b KQ - 0 23 time=0.35 engine_skill=0 engine_persona=Grasshopper
[MOVE-RESULT] 2026-01-19T07:47:04.009285 reply='e8d8' fen=2bk2n1/r3p3/8/2p3Np/ppP3p1/6B1/PPBN1PPP/R2QK2R w KQ - 0 24 engine_skill=0 engine_persona=Grasshopper rng_seed=None
[MOVE] 2026-01-19T07:47:07.005869 uci=d1e2 fen=2bk2n1/r3p3/8/2p3Np/ppP3p1/6B1/PPBNQPPP/R3K2R b KQ - 1 24 time=0.35 engine_skill=0 engine_persona=Grasshopper
[MOVE-RESULT] 2026-01-19T07:47:07.362474 reply='c8a6' fen=3k2n1/r3p3/b7/2p3Np/ppP3p1/6B1/PPBNQPPP/R3K2R w KQ - 2 25 engine_skill=0 engine_persona=Grasshopper rng_seed=None
[MOVE] 2026-01-19T07:47:17.559941 uci=g3h4 fen=3k2n1/r3p3/b7/2p3Np/ppP3pB/8/PPBNQPPP/R3K2R b KQ - 3 25 time=0.35 engine_skill=0 engine_persona=Grasshopper
[MOVE-RESULT] 2026-01-19T07:47:17.967586 reply='g8f6' fen=3k4/r3p3/b4n2/2p3Np/ppP3pB/8/PPBNQPPP/R3K2R w KQ - 4 26 engine_skill=0 engine_persona=Grasshopper rng_seed=None
[MOVE] 2026-01-19T07:47:21.546607 uci=g5e4 fen=3k4/r3p3/b4n2/2p4p/ppP1N1pB/8/PPBNQPPP/R3K2R b KQ - 5 26 time=0.35 engine_skill=0 engine_persona=Grasshopper
[MOVE-RESULT] 2026-01-19T07:47:21.936118 reply='a4a3' fen=3k4/r3p3/b4n2/2p4p/1pP1N1pB/p7/PPBNQPPP/R3K2R w KQ - 0 27 engine_skill=0 engine_persona=Grasshopper rng_seed=None
[MOVE] 2026-01-19T07:47:23.762269 uci=e4f6 fen=3k4/r3p3/b4N2/2p4p/1pP3pB/p7/PPBNQPPP/R3K2R b KQ - 0 27 time=0.35 engine_skill=0 engine_persona=Grasshopper
[MOVE-RESULT] 2026-01-19T07:47:24.137166 reply='a7a8' fen=r2k4/4p3/b4N2/2p4p/1pP3pB/p7/PPBNQPPP/R3K2R w KQ - 1 28 engine_skill=0 engine_persona=Grasshopper rng_seed=None
[MOVE] 2026-01-19T07:47:26.700306 uci=f6e4 fen=r2k4/4p3/b7/2p4p/1pP1N1pB/p7/PPBNQPPP/R3K2R b KQ - 2 28 time=0.35 engine_skill=0 engine_persona=Grasshopper
[MOVE-RESULT] 2026-01-19T07:47:27.058694 reply='g4g3' fen=r2k4/4p3/b7/2p4p/1pP1N2B/p5p1/PPBNQPPP/R3K2R w KQ - 0 29 engine_skill=0 engine_persona=Grasshopper rng_seed=None
[MOVE] 2026-01-19T07:47:29.564601 uci=h2g3 fen=r2k4/4p3/b7/2p4p/1pP1N2B/p5P1/PPBNQPP1/R3K2R b KQ - 0 29 time=0.35 engine_skill=0 engine_persona=Grasshopper
[MOVE-RESULT] 2026-01-19T07:47:29.938019 reply='a8a7' fen=3k4/r3p3/b7/2p4p/1pP1N2B/p5P1/PPBNQPP1/R3K2R w KQ - 1 30 engine_skill=0 engine_persona=Grasshopper rng_seed=None
[MOVE] 2026-01-19T07:47:39.167451 uci=e4f6 fen=3k4/r3p3/b4N2/2p4p/1pP4B/p5P1/PPBNQPP1/R3K2R b KQ - 2 30 time=0.35 engine_skill=0 engine_persona=Grasshopper
[MOVE-RESULT] 2026-01-19T07:47:39.599625 reply='e7e5' fen=3k4/r7/b4N2/2p1p2p/1pP4B/p5P1/PPBNQPP1/R3K2R w KQ - 0 31 engine_skill=0 engine_persona=Grasshopper rng_seed=None
[MOVE] 2026-01-19T07:47:42.227547 uci=f6e4 fen=3k4/r7/b7/2p1p2p/1pP1N2B/p5P1/PPBNQPP1/R3K2R b KQ - 1 31 time=0.35 engine_skill=0 engine_persona=Grasshopper
[MOVE-RESULT] 2026-01-19T07:47:42.626514 reply='d8e8' fen=4k3/r7/b7/2p1p2p/1pP1N2B/p5P1/PPBNQPP1/R3K2R w KQ - 2 32 engine_skill=0 engine_persona=Grasshopper rng_seed=None
[MOVE] 2026-01-19T07:47:49.350848 uci=e2h5 fen=4k3/r7/b7/2p1p2Q/1pP1N2B/p5P1/PPBN1PP1/R3K2R b KQ - 0 32 time=0.35 engine_skill=0 engine_persona=Grasshopper
[MOVE-RESULT] 2026-01-19T07:47:49.740059 reply='e8f8' fen=5k2/r7/b7/2p1p2Q/1pP1N2B/p5P1/PPBN1PP1/R3K2R w KQ - 1 33 engine_skill=0 engine_persona=Grasshopper rng_seed=None
[MOVE] 2026-01-19T07:47:51.353202 uci=h5e5 fen=5k2/r7/b7/2p1Q3/1pP1N2B/p5P1/PPBN1PP1/R3K2R b KQ - 0 33 time=0.35 engine_skill=0 engine_persona=Grasshopper
[MOVE-RESULT] 2026-01-19T07:47:51.758181 reply='a7e7' fen=5k2/4r3/b7/2p1Q3/1pP1N2B/p5P1/PPBN1PP1/R3K2R w KQ - 1 34 engine_skill=0 engine_persona=Grasshopper rng_seed=None
[MOVE] 2026-01-19T07:47:54.404890 uci=e5c5 fen=5k2/4r3/b7/2Q5/1pP1N2B/p5P1/PPBN1PP1/R3K2R b KQ - 0 34 time=0.35 engine_skill=0 engine_persona=Grasshopper
[MOVE-RESULT] 2026-01-19T07:47:54.807597 reply='f8e8' fen=4k3/4r3/b7/2Q5/1pP1N2B/p5P1/PPBN1PP1/R3K2R w KQ - 1 35 engine_skill=0 engine_persona=Grasshopper rng_seed=None
[MOVE] 2026-01-19T07:47:56.574380 uci=c5b4 fen=4k3/4r3/b7/8/1QP1N2B/p5P1/PPBN1PP1/R3K2R b KQ - 0 35 time=0.35 engine_skill=0 engine_persona=Grasshopper
[MOVE-RESULT] 2026-01-19T07:47:56.975739 reply='e7d7' fen=4k3/3r4/b7/8/1QP1N2B/p5P1/PPBN1PP1/R3K2R w KQ - 1 36 engine_skill=0 engine_persona=Grasshopper rng_seed=None
[MOVE] 2026-01-19T07:47:58.496767 uci=b4a3 fen=4k3/3r4/b7/8/2P1N2B/Q5P1/PPBN1PP1/R3K2R b KQ - 0 36 time=0.35 engine_skill=0 engine_persona=Grasshopper
[MOVE-RESULT] 2026-01-19T07:47:58.844666 reply='d7c7' fen=4k3/2r5/b7/8/2P1N2B/Q5P1/PPBN1PP1/R3K2R w KQ - 1 37 engine_skill=0 engine_persona=Grasshopper rng_seed=None
[MOVE] 2026-01-19T07:48:01.841843 uci=a3a5 fen=4k3/2r5/b7/Q7/2P1N2B/6P1/PPBN1PP1/R3K2R b KQ - 2 37 time=0.35 engine_skill=0 engine_persona=Grasshopper
[MOVE-RESULT] 2026-01-19T07:48:02.201319 reply='c7c4' fen=4k3/8/b7/Q7/2r1N2B/6P1/PPBN1PP1/R3K2R w KQ - 0 38 engine_skill=0 engine_persona=Grasshopper rng_seed=None
[MOVE] 2026-01-19T07:48:04.898230 uci=a5a6 fen=4k3/8/Q7/8/2r1N2B/6P1/PPBN1PP1/R3K2R b KQ - 0 38 time=0.35 engine_skill=0 engine_persona=Grasshopper
[MOVE-RESULT] 2026-01-19T07:48:05.267442 reply='c4c3' fen=4k3/8/Q7/8/4N2B/2r3P1/PPBN1PP1/R3K2R w KQ - 1 39 engine_skill=0 engine_persona=Grasshopper rng_seed=None
[MOVE] 2026-01-19T07:48:07.933381 uci=a6b5 fen=4k3/8/8/1Q6/4N2B/2r3P1/PPBN1PP1/R3K2R b KQ - 2 39 time=0.35 engine_skill=0 engine_persona=Grasshopper
[MOVE-RESULT] 2026-01-19T07:48:08.323030 reply='c3c6' fen=4k3/8/2r5/1Q6/4N2B/6P1/PPBN1PP1/R3K2R w KQ - 3 40 engine_skill=0 engine_persona=Grasshopper rng_seed=None
[MOVE] 2026-01-19T07:48:10.386185 uci=b5c6 fen=4k3/8/2Q5/8/4N2B/6P1/PPBN1PP1/R3K2R b KQ - 0 40 time=0.35 engine_skill=0 engine_persona=Grasshopper
[MOVE-RESULT] 2026-01-19T07:48:10.793387 reply='e8f7' fen=8/5k2/2Q5/8/4N2B/6P1/PPBN1PP1/R3K2R w KQ - 1 41 engine_skill=0 engine_persona=Grasshopper rng_seed=None
[MOVE] 2026-01-19T07:48:16.296396 uci=c2a4 fen=8/5k2/2Q5/8/B3N2B/6P1/PP1N1PP1/R3K2R b KQ - 2 41 time=0.35 engine_skill=0 engine_persona=Grasshopper
[MOVE-RESULT] 2026-01-19T07:48:16.665458 reply='f7g7' fen=8/6k1/2Q5/8/B3N2B/6P1/PP1N1PP1/R3K2R w KQ - 3 42 engine_skill=0 engine_persona=Grasshopper rng_seed=None
[MOVE] 2026-01-19T07:48:18.349552 uci=a1c1 fen=8/6k1/2Q5/8/B3N2B/6P1/PP1N1PP1/2R1K2R b K - 4 42 time=0.35 engine_skill=0 engine_persona=Grasshopper
[MOVE-RESULT] 2026-01-19T07:48:18.792256 reply='g7f7' fen=8/5k2/2Q5/8/B3N2B/6P1/PP1N1PP1/2R1K2R w K - 5 43 engine_skill=0 engine_persona=Grasshopper rng_seed=None
[MOVE] 2026-01-19T07:48:24.055025 uci=a4b3 fen=8/5k2/2Q5/8/4N2B/1B4P1/PP1N1PP1/2R1K2R b K - 6 43 time=0.35 engine_skill=0 engine_persona=Grasshopper
[MOVE-RESULT] 2026-01-19T07:48:24.591244 reply='f7f8' fen=5k2/8/2Q5/8/4N2B/1B4P1/PP1N1PP1/2R1K2R w K - 7 44 engine_skill=0 engine_persona=Grasshopper rng_seed=None
[MOVE] 2026-01-19T07:48:26.045249 uci=c6b7 fen=5k2/1Q6/8/8/4N2B/1B4P1/PP1N1PP1/2R1K2R b K - 8 44 time=0.35 engine_skill=0 engine_persona=Grasshopper
[MOVE-RESULT] 2026-01-19T07:48:26.440312 reply='f8e8' fen=4k3/1Q6/8/8/4N2B/1B4P1/PP1N1PP1/2R1K2R w K - 9 45 engine_skill=0 engine_persona=Grasshopper rng_seed=None
[MOVE] 2026-01-19T07:48:29.447833 uci=c1c8 fen=2R1k3/1Q6/8/8/4N2B/1B4P1/PP1N1PP1/4K2R b K - 10 45 time=0.35 engine_skill=0 engine_persona=Grasshopper
[MOVE-RESULT] 2026-01-19T07:48:29.823797 reply='c1c8' fen=2R1k3/1Q6/8/8/4N2B/1B4P1/PP1N1PP1/4K2R b K - 10 45 engine_skill=0 engine_persona=Grasshopper rng_seed=None
[MOVE] 2026-01-19T08:02:39.105885 uci=d2d4 fen=rnbqkbnr/pppppppp/8/8/3P4/8/PPP1PPPP/RNBQKBNR b KQkq - 0 1 time=0.35 engine_skill=0 engine_persona=Grasshopper
[MOVE-RESULT] 2026-01-19T08:02:39.552645 reply='c7c6' fen=rnbqkbnr/pp1ppppp/2p5/8/3P4/8/PPP1PPPP/RNBQKBNR w KQkq - 0 2 engine_skill=0 engine_persona=Grasshopper rng_seed=None
[MOVE] 2026-01-19T08:04:00.802487 uci=d2d4 fen=rnbqkbnr/pppppppp/8/8/3P4/8/PPP1PPPP/RNBQKBNR b KQkq - 0 1 time=0.35 engine_skill=0 engine_persona=Grasshopper
[MOVE-RESULT] 2026-01-19T08:04:01.154220 reply='g7g6' fen=rnbqkbnr/pppppp1p/6p1/8/3P4/8/PPP1PPPP/RNBQKBNR w KQkq - 0 2 engine_skill=0 engine_persona=Grasshopper rng_seed=None
[MOVE] 2026-01-19T08:04:02.678704 uci=c1f4 fen=rnbqkbnr/pppppp1p/6p1/8/3P1B2/8/PPP1PPPP/RN1QKBNR b KQkq - 1 2 time=0.35 engine_skill=0 engine_persona=Grasshopper
[MOVE-RESULT] 2026-01-19T08:04:03.021246 reply='f8g7' fen=rnbqk1nr/ppppppbp/6p1/8/3P1B2/8/PPP1PPPP/RN1QKBNR w KQkq - 2 3 engine_skill=0 engine_persona=Grasshopper rng_seed=None
[MOVE] 2026-01-19T08:04:06.239183 uci=g1f3 fen=rnbqk1nr/ppppppbp/6p1/8/3P1B2/5N2/PPP1PPPP/RN1QKB1R b KQkq - 3 3 time=0.35 engine_skill=0 engine_persona=Grasshopper
[MOVE-RESULT] 2026-01-19T08:04:06.568026 reply='a7a6' fen=rnbqk1nr/1pppppbp/p5p1/8/3P1B2/5N2/PPP1PPPP/RN1QKB1R w KQkq - 0 4 engine_skill=0 engine_persona=Grasshopper rng_seed=None
[MOVE] 2026-01-19T08:04:07.868053 uci=e2e3 fen=rnbqk1nr/1pppppbp/p5p1/8/3P1B2/4PN2/PPP2PPP/RN1QKB1R b KQkq - 0 4 time=0.35 engine_skill=0 engine_persona=Grasshopper
[MOVE-RESULT] 2026-01-19T08:04:08.186988 reply='c7c5' fen=rnbqk1nr/1p1pppbp/p5p1/2p5/3P1B2/4PN2/PPP2PPP/RN1QKB1R w KQkq - 0 5 engine_skill=0 engine_persona=Grasshopper rng_seed=None
[MOVE] 2026-01-19T08:04:11.670676 uci=f1d3 fen=rnbqk1nr/1p1pppbp/p5p1/2p5/3P1B2/3BPN2/PPP2PPP/RN1QK2R b KQkq - 1 5 time=0.35 engine_skill=0 engine_persona=Grasshopper
[MOVE-RESULT] 2026-01-19T08:04:12.003806 reply='d8a5' fen=rnb1k1nr/1p1pppbp/p5p1/q1p5/3P1B2/3BPN2/PPP2PPP/RN1QK2R w KQkq - 2 6 engine_skill=0 engine_persona=Grasshopper rng_seed=None
[MOVE] 2026-01-19T08:04:13.947266 uci=b1d2 fen=rnb1k1nr/1p1pppbp/p5p1/q1p5/3P1B2/3BPN2/PPPN1PPP/R2QK2R b KQkq - 3 6 time=0.35 engine_skill=0 engine_persona=Grasshopper
[MOVE-RESULT] 2026-01-19T08:04:14.272683 reply='c5d4' fen=rnb1k1nr/1p1pppbp/p5p1/q7/3p1B2/3BPN2/PPPN1PPP/R2QK2R w KQkq - 0 7 engine_skill=0 engine_persona=Grasshopper rng_seed=None
[MOVE] 2026-01-19T08:04:23.798164 uci=e3d4 fen=rnb1k1nr/1p1pppbp/p5p1/q7/3P1B2/3B1N2/PPPN1PPP/R2QK2R b KQkq - 0 7 time=0.35 engine_skill=0 engine_persona=Grasshopper
[MOVE-RESULT] 2026-01-19T08:04:24.116222 reply='g7h6' fen=rnb1k1nr/1p1ppp1p/p5pb/q7/3P1B2/3B1N2/PPPN1PPP/R2QK2R w KQkq - 1 8 engine_skill=0 engine_persona=Grasshopper rng_seed=None
[MOVE] 2026-01-19T08:04:27.664723 uci=e1g1 fen=rnb1k1nr/1p1ppp1p/p5pb/q7/3P1B2/3B1N2/PPPN1PPP/R2Q1RK1 b kq - 2 8 time=0.35 engine_skill=0 engine_persona=Grasshopper
[MOVE-RESULT] 2026-01-19T08:04:28.017377 reply='b8c6' fen=r1b1k1nr/1p1ppp1p/p1n3pb/q7/3P1B2/3B1N2/PPPN1PPP/R2Q1RK1 w kq - 3 9 engine_skill=0 engine_persona=Grasshopper rng_seed=None
[MOVE] 2026-01-19T08:04:32.527511 uci=d1e1 fen=r1b1k1nr/1p1ppp1p/p1n3pb/q7/3P1B2/3B1N2/PPPN1PPP/R3QRK1 b kq - 4 9 time=0.35 engine_skill=0 engine_persona=Grasshopper
[MOVE-RESULT] 2026-01-19T08:04:32.865486 reply='h6f4' fen=r1b1k1nr/1p1ppp1p/p1n3p1/q7/3P1b2/3B1N2/PPPN1PPP/R3QRK1 w kq - 0 10 engine_skill=0 engine_persona=Grasshopper rng_seed=None
[MOVE] 2026-01-19T08:04:45.854910 uci=d2e4 fen=r1b1k1nr/1p1ppp1p/p1n3p1/q7/3PNb2/3B1N2/PPP2PPP/R3QRK1 b kq - 1 10 time=0.35 engine_skill=0 engine_persona=Grasshopper
[MOVE-RESULT] 2026-01-19T08:04:46.163731 reply='e8f8' fen=r1b2knr/1p1ppp1p/p1n3p1/q7/3PNb2/3B1N2/PPP2PPP/R3QRK1 w - - 2 11 engine_skill=0 engine_persona=Grasshopper rng_seed=None
[MOVE] 2026-01-19T08:04:49.603088 uci=e1a5 fen=r1b2knr/1p1ppp1p/p1n3p1/Q7/3PNb2/3B1N2/PPP2PPP/R4RK1 b - - 0 11 time=0.35 engine_skill=0 engine_persona=Grasshopper
[MOVE-RESULT] 2026-01-19T08:04:49.937728 reply='f4h2' fen=r1b2knr/1p1ppp1p/p1n3p1/Q7/3PN3/3B1N2/PPP2PPb/R4RK1 w - - 0 12 engine_skill=0 engine_persona=Grasshopper rng_seed=None
[MOVE] 2026-01-19T08:04:53.291867 uci=g1h2 fen=r1b2knr/1p1ppp1p/p1n3p1/Q7/3PN3/3B1N2/PPP2PPK/R4R2 b - - 0 12 time=0.35 engine_skill=0 engine_persona=Grasshopper
[MOVE-RESULT] 2026-01-19T08:04:53.602624 reply='b7b5' fen=r1b2knr/3ppp1p/p1n3p1/Qp6/3PN3/3B1N2/PPP2PPK/R4R2 w - - 0 13 engine_skill=0 engine_persona=Grasshopper rng_seed=None
[MOVE] 2026-01-19T08:04:59.143080 uci=a5c3 fen=r1b2knr/3ppp1p/p1n3p1/1p6/3PN3/2QB1N2/PPP2PPK/R4R2 b - - 1 13 time=0.35 engine_skill=0 engine_persona=Grasshopper
[MOVE-RESULT] 2026-01-19T08:04:59.442072 reply='c6d8' fen=r1bn1knr/3ppp1p/p5p1/1p6/3PN3/2QB1N2/PPP2PPK/R4R2 w - - 2 14 engine_skill=0 engine_persona=Grasshopper rng_seed=None
[MOVE] 2026-01-19T08:06:33.857614 uci=f3g5 fen=r1bn1knr/3ppp1p/p5p1/1p4N1/3PN3/2QB4/PPP2PPK/R4R2 b - - 3 14 time=0.35 engine_skill=0 engine_persona=Grasshopper
[MOVE-RESULT] 2026-01-19T08:06:34.192289 reply='c8b7' fen=r2n1knr/1b1ppp1p/p5p1/1p4N1/3PN3/2QB4/PPP2PPK/R4R2 w - - 4 15 engine_skill=0 engine_persona=Grasshopper rng_seed=None
[MOVE] 2026-01-19T08:06:39.979477 uci=e4c5 fen=r2n1knr/1b1ppp1p/p5p1/1pN3N1/3P4/2QB4/PPP2PPK/R4R2 b - - 5 15 time=0.35 engine_skill=0 engine_persona=Grasshopper
[MOVE-RESULT] 2026-01-19T08:06:40.293139 reply='b7g2' fen=r2n1knr/3ppp1p/p5p1/1pN3N1/3P4/2QB4/PPP2PbK/R4R2 w - - 0 16 engine_skill=0 engine_persona=Grasshopper rng_seed=None
[MOVE] 2026-01-19T08:06:43.753258 uci=h2g2 fen=r2n1knr/3ppp1p/p5p1/1pN3N1/3P4/2QB4/PPP2PK1/R4R2 b - - 0 16 time=0.35 engine_skill=0 engine_persona=Grasshopper
[MOVE-RESULT] 2026-01-19T08:06:44.077737 reply='d8c6' fen=r4knr/3ppp1p/p1n3p1/1pN3N1/3P4/2QB4/PPP2PK1/R4R2 w - - 1 17 engine_skill=0 engine_persona=Grasshopper rng_seed=None
[MOVE] 2026-01-19T08:06:56.000737 uci=c5b7 fen=r4knr/1N1ppp1p/p1n3p1/1p4N1/3P4/2QB4/PPP2PK1/R4R2 b - - 2 17 time=0.35 engine_skill=0 engine_persona=Grasshopper
[MOVE-RESULT] 2026-01-19T08:06:56.333372 reply='f7f6' fen=r4knr/1N1pp2p/p1n2pp1/1p4N1/3P4/2QB4/PPP2PK1/R4R2 w - - 0 18 engine_skill=0 engine_persona=Grasshopper rng_seed=None
[MOVE] 2026-01-19T08:07:02.888154 uci=g5e4 fen=r4knr/1N1pp2p/p1n2pp1/1p6/3PN3/2QB4/PPP2PK1/R4R2 b - - 1 18 time=0.35 engine_skill=0 engine_persona=Grasshopper
[MOVE-RESULT] 2026-01-19T08:07:03.199143 reply='f6f5' fen=r4knr/1N1pp2p/p1n3p1/1p3p2/3PN3/2QB4/PPP2PK1/R4R2 w - - 0 19 engine_skill=0 engine_persona=Grasshopper rng_seed=None
[MOVE] 2026-01-19T08:07:09.833233 uci=e4c5 fen=r4knr/1N1pp2p/p1n3p1/1pN2p2/3P4/2QB4/PPP2PK1/R4R2 b - - 1 19 time=0.35 engine_skill=0 engine_persona=Grasshopper
[MOVE-RESULT] 2026-01-19T08:07:10.153876 reply='b5b4' fen=r4knr/1N1pp2p/p1n3p1/2N2p2/1p1P4/2QB4/PPP2PK1/R4R2 w - - 0 20 engine_skill=0 engine_persona=Grasshopper rng_seed=None
[MOVE] 2026-01-19T08:07:20.653657 uci=c3e1 fen=r4knr/1N1pp2p/p1n3p1/2N2p2/1p1P4/3B4/PPP2PK1/R3QR2 b - - 1 20 time=0.35 engine_skill=0 engine_persona=Grasshopper
[MOVE-RESULT] 2026-01-19T08:07:20.982940 reply='c6a7' fen=r4knr/nN1pp2p/p5p1/2N2p2/1p1P4/3B4/PPP2PK1/R3QR2 w - - 2 21 engine_skill=0 engine_persona=Grasshopper rng_seed=None
[MOVE] 2026-01-19T08:07:23.707812 uci=c2c3 fen=r4knr/nN1pp2p/p5p1/2N2p2/1p1P4/2PB4/PP3PK1/R3QR2 b - - 0 21 time=0.35 engine_skill=0 engine_persona=Grasshopper
[MOVE-RESULT] 2026-01-19T08:07:24.082838 reply='a7b5' fen=r4knr/1N1pp2p/p5p1/1nN2p2/1p1P4/2PB4/PP3PK1/R3QR2 w - - 1 22 engine_skill=0 engine_persona=Grasshopper rng_seed=None
[MOVE] 2026-01-19T08:07:28.849096 uci=c3b4 fen=r4knr/1N1pp2p/p5p1/1nN2p2/1P1P4/3B4/PP3PK1/R3QR2 b - - 0 22 time=0.35 engine_skill=0 engine_persona=Grasshopper
[MOVE-RESULT] 2026-01-19T08:07:29.165897 reply='g8h6' fen=r4k1r/1N1pp2p/p5pn/1nN2p2/1P1P4/3B4/PP3PK1/R3QR2 w - - 1 23 engine_skill=0 engine_persona=Grasshopper rng_seed=None
[MOVE] 2026-01-19T08:07:41.345556 uci=c5d7 fen=r4k1r/1N1Np2p/p5pn/1n3p2/1P1P4/3B4/PP3PK1/R3QR2 b - - 0 23 time=0.35 engine_skill=0 engine_persona=Grasshopper
[MOVE-RESULT] 2026-01-19T08:07:41.659021 reply='f8f7' fen=r6r/1N1Npk1p/p5pn/1n3p2/1P1P4/3B4/PP3PK1/R3QR2 w - - 1 24 engine_skill=0 engine_persona=Grasshopper rng_seed=None
[MOVE] 2026-01-19T08:07:53.663268 uci=b7d6 fen=r6r/3Npk1p/p2N2pn/1n3p2/1P1P4/3B4/PP3PK1/R3QR2 b - - 2 24 time=0.35 engine_skill=0 engine_persona=Grasshopper
[MOVE-RESULT] 2026-01-19T08:07:53.992030 reply='e7d6' fen=r6r/3N1k1p/p2p2pn/1n3p2/1P1P4/3B4/PP3PK1/R3QR2 w - - 0 25 engine_skill=0 engine_persona=Grasshopper rng_seed=None
[MOVE] 2026-01-19T08:08:07.975123 uci=a1c1 fen=r6r/3N1k1p/p2p2pn/1n3p2/1P1P4/3B4/PP3PK1/2R1QR2 b - - 1 25 time=0.35 engine_skill=0 engine_persona=Grasshopper
[MOVE-RESULT] 2026-01-19T08:08:08.305332 reply='h8b8' fen=rr6/3N1k1p/p2p2pn/1n3p2/1P1P4/3B4/PP3PK1/2R1QR2 w - - 2 26 engine_skill=0 engine_persona=Grasshopper rng_seed=None
[MOVE] 2026-01-19T08:08:15.919447 uci=e1d2 fen=rr6/3N1k1p/p2p2pn/1n3p2/1P1P4/3B4/PP1Q1PK1/2R2R2 b - - 3 26 time=0.35 engine_skill=0 engine_persona=Grasshopper
[MOVE-RESULT] 2026-01-19T08:08:16.249146 reply='b5c7' fen=rr6/2nN1k1p/p2p2pn/5p2/1P1P4/3B4/PP1Q1PK1/2R2R2 w - - 4 27 engine_skill=0 engine_persona=Grasshopper rng_seed=None
[MOVE] 2026-01-19T08:08:18.213321 uci=f1e1 fen=rr6/2nN1k1p/p2p2pn/5p2/1P1P4/3B4/PP1Q1PK1/2R1R3 b - - 5 27 time=0.35 engine_skill=0 engine_persona=Grasshopper
[MOVE-RESULT] 2026-01-19T08:08:18.623469 reply='b8e8' fen=r3r3/2nN1k1p/p2p2pn/5p2/1P1P4/3B4/PP1Q1PK1/2R1R3 w - - 6 28 engine_skill=0 engine_persona=Grasshopper rng_seed=None
[MOVE] 2026-01-19T08:09:03.842341 uci=e1e8 fen=r3R3/2nN1k1p/p2p2pn/5p2/1P1P4/3B4/PP1Q1PK1/2R5 b - - 0 28 time=0.35 engine_skill=0 engine_persona=Grasshopper
[MOVE-RESULT] 2026-01-19T08:09:04.181389 reply='c7d5' fen=r3R3/3N1k1p/p2p2pn/3n1p2/1P1P4/3B4/PP1Q1PK1/2R5 w - - 1 29 engine_skill=0 engine_persona=Grasshopper rng_seed=None
[MOVE] 2026-01-19T08:09:09.170921 uci=e8a8 fen=R7/3N1k1p/p2p2pn/3n1p2/1P1P4/3B4/PP1Q1PK1/2R5 b - - 0 29 time=0.35 engine_skill=0 engine_persona=Grasshopper
[MOVE-RESULT] 2026-01-19T08:09:09.522038 reply='d5e3' fen=R7/3N1k1p/p2p2pn/5p2/1P1P4/3Bn3/PP1Q1PK1/2R5 w - - 1 30 engine_skill=0 engine_persona=Grasshopper rng_seed=None
[MOVE] 2026-01-19T08:09:12.700124 uci=f2e3 fen=R7/3N1k1p/p2p2pn/5p2/1P1P4/3BP3/PP1Q2K1/2R5 b - - 0 30 time=0.35 engine_skill=0 engine_persona=Grasshopper
[MOVE-RESULT] 2026-01-19T08:09:13.066023 reply='f7e6' fen=R7/3N3p/p2pk1pn/5p2/1P1P4/3BP3/PP1Q2K1/2R5 w - - 1 31 engine_skill=0 engine_persona=Grasshopper rng_seed=None
[MOVE] 2026-01-19T08:09:22.226888 uci=d7f8 fen=R4N2/7p/p2pk1pn/5p2/1P1P4/3BP3/PP1Q2K1/2R5 b - - 2 31 time=0.35 engine_skill=0 engine_persona=Grasshopper
[MOVE-RESULT] 2026-01-19T08:09:22.543010 reply='e6d5' fen=R4N2/7p/p2p2pn/3k1p2/1P1P4/3BP3/PP1Q2K1/2R5 w - - 3 32 engine_skill=0 engine_persona=Grasshopper rng_seed=None
[MOVE] 2026-01-19T08:09:37.290982 uci=e3e4 fen=R4N2/7p/p2p2pn/3k1p2/1P1PP3/3B4/PP1Q2K1/2R5 b - - 0 32 time=0.35 engine_skill=0 engine_persona=Grasshopper
[MOVE-RESULT] 2026-01-19T08:09:37.622578 reply='d5d4' fen=R4N2/7p/p2p2pn/5p2/1P1kP3/3B4/PP1Q2K1/2R5 w - - 0 33 engine_skill=0 engine_persona=Grasshopper rng_seed=None
[MOVE] 2026-01-19T08:09:47.188675 uci=b4b5 fen=R4N2/7p/p2p2pn/1P3p2/3kP3/3B4/PP1Q2K1/2R5 b - - 0 33 time=0.35 engine_skill=0 engine_persona=Grasshopper
[MOVE-RESULT] 2026-01-19T08:09:47.503120 reply='a6a5' fen=R4N2/7p/3p2pn/pP3p2/3kP3/3B4/PP1Q2K1/2R5 w - - 0 34 engine_skill=0 engine_persona=Grasshopper rng_seed=None
[MOVE] 2026-01-19T08:09:49.536900 uci=b5b6 fen=R4N2/7p/1P1p2pn/p4p2/3kP3/3B4/PP1Q2K1/2R5 b - - 0 34 time=0.35 engine_skill=0 engine_persona=Grasshopper
[MOVE-RESULT] 2026-01-19T08:09:49.871610 reply='f5e4' fen=R4N2/7p/1P1p2pn/p7/3kp3/3B4/PP1Q2K1/2R5 w - - 0 35 engine_skill=0 engine_persona=Grasshopper rng_seed=None
[MOVE] 2026-01-19T08:09:56.530107 uci=d3f1 fen=R4N2/7p/1P1p2pn/p7/3kp3/8/PP1Q2K1/2R2B2 b - - 1 35 time=0.35 engine_skill=0 engine_persona=Grasshopper
[MOVE-RESULT] 2026-01-19T08:09:56.854506 reply='d4e5' fen=R4N2/7p/1P1p2pn/p3k3/4p3/8/PP1Q2K1/2R2B2 w - - 2 36 engine_skill=0 engine_persona=Grasshopper rng_seed=None
[MOVE] 2026-01-19T08:10:01.153993 uci=d2e3 fen=R4N2/7p/1P1p2pn/p3k3/4p3/4Q3/PP4K1/2R2B2 b - - 3 36 time=0.35 engine_skill=0 engine_persona=Grasshopper
[MOVE-RESULT] 2026-01-19T08:10:01.477727 reply='e5d5' fen=R4N2/7p/1P1p2pn/p2k4/4p3/4Q3/PP4K1/2R2B2 w - - 4 37 engine_skill=0 engine_persona=Grasshopper rng_seed=None
[MOVE] 2026-01-19T08:10:04.087280 uci=c1d1 fen=R4N2/7p/1P1p2pn/p2k4/4p3/4Q3/PP4K1/3R1B2 b - - 5 37 time=0.35 engine_skill=0 engine_persona=Grasshopper
[MOVE-RESULT] 2026-01-19T08:10:04.431473 reply='d5e5' fen=R4N2/7p/1P1p2pn/p3k3/4p3/4Q3/PP4K1/3R1B2 w - - 6 38 engine_skill=0 engine_persona=Grasshopper rng_seed=None
[MOVE] 2026-01-19T08:10:16.051368 uci=a8e8 fen=4RN2/7p/1P1p2pn/p3k3/4p3/4Q3/PP4K1/3R1B2 b - - 7 38 time=0.35 engine_skill=0 engine_persona=Grasshopper
[MOVE-RESULT] 2026-01-19T08:10:16.364297 reply='e5f6' fen=4RN2/7p/1P1p1kpn/p7/4p3/4Q3/PP4K1/3R1B2 w - - 8 39 engine_skill=0 engine_persona=Grasshopper rng_seed=None
[MOVE] 2026-01-19T08:10:19.803508 uci=f8d7 fen=4R3/3N3p/1P1p1kpn/p7/4p3/4Q3/PP4K1/3R1B2 b - - 9 39 time=0.35 engine_skill=0 engine_persona=Grasshopper
[MOVE-RESULT] 2026-01-19T08:10:20.305662 reply='f6g7' fen=4R3/3N2kp/1P1p2pn/p7/4p3/4Q3/PP4K1/3R1B2 w - - 10 40 engine_skill=0 engine_persona=Grasshopper rng_seed=None
[MOVE] 2026-01-19T08:10:22.743383 uci=e8e7 fen=8/3NR1kp/1P1p2pn/p7/4p3/4Q3/PP4K1/3R1B2 b - - 11 40 time=0.35 engine_skill=0 engine_persona=Grasshopper
[MOVE-RESULT] 2026-01-19T08:10:23.063136 reply='g7g8' fen=6k1/3NR2p/1P1p2pn/p7/4p3/4Q3/PP4K1/3R1B2 w - - 12 41 engine_skill=0 engine_persona=Grasshopper rng_seed=None
[MOVE] 2026-01-19T08:10:29.143387 uci=e3c3 fen=6k1/3NR2p/1P1p2pn/p7/4p3/2Q5/PP4K1/3R1B2 b - - 13 41 time=0.35 engine_skill=0 engine_persona=Grasshopper
[MOVE-RESULT] 2026-01-19T08:10:29.460751 reply='h6f7' fen=6k1/3NRn1p/1P1p2p1/p7/4p3/2Q5/PP4K1/3R1B2 w - - 14 42 engine_skill=0 engine_persona=Grasshopper rng_seed=None
[MOVE] 2026-01-19T08:10:42.303928 uci=c3c8 fen=2Q3k1/3NRn1p/1P1p2p1/p7/4p3/8/PP4K1/3R1B2 b - - 15 42 time=0.35 engine_skill=0 engine_persona=Grasshopper
[MOVE-RESULT] 2026-01-19T08:10:42.631983 reply='f7d8' fen=2Qn2k1/3NR2p/1P1p2p1/p7/4p3/8/PP4K1/3R1B2 w - - 16 43 engine_skill=0 engine_persona=Grasshopper rng_seed=None
[MOVE] 2026-01-19T08:10:44.100833 uci=c8d8 fen=3Q2k1/3NR2p/1P1p2p1/p7/4p3/8/PP4K1/3R1B2 b - - 0 43 time=0.35 engine_skill=0 engine_persona=Grasshopper
[MOVE-RESULT] 2026-01-19T08:10:44.416219 reply='c8d8' fen=3Q2k1/3NR2p/1P1p2p1/p7/4p3/8/PP4K1/3R1B2 b - - 0 43 engine_skill=0 engine_persona=Grasshopper rng_seed=None
[MOVE] 2026-01-19T08:36:03.056637 uci=d2d4 fen=rnbqkbnr/pppppppp/8/8/3P4/8/PPP1PPPP/RNBQKBNR b KQkq - 0 1 time=0.35 engine_skill=0 engine_persona=Grasshopper
[MOVE-RESULT] 2026-01-19T08:36:03.486229 reply='g8f6' fen=rnbqkb1r/pppppppp/5n2/8/3P4/8/PPP1PPPP/RNBQKBNR w KQkq - 1 2 engine_skill=0 engine_persona=Grasshopper rng_seed=None
[MOVE] 2026-01-19T08:36:08.380980 uci=c1f4 fen=rnbqkb1r/pppppppp/5n2/8/3P1B2/8/PPP1PPPP/RN1QKBNR b KQkq - 2 2 time=0.35 engine_skill=0 engine_persona=Grasshopper
[MOVE-RESULT] 2026-01-19T08:36:08.712079 reply='c7c6' fen=rnbqkb1r/pp1ppppp/2p2n2/8/3P1B2/8/PPP1PPPP/RN1QKBNR w KQkq - 0 3 engine_skill=0 engine_persona=Grasshopper rng_seed=None
[MOVE] 2026-01-19T08:36:12.321301 uci=g2g3 fen=rnbqkb1r/pp1ppppp/2p2n2/8/3P1B2/6P1/PPP1PP1P/RN1QKBNR b KQkq - 0 3 time=0.35 engine_skill=0 engine_persona=Grasshopper
[MOVE-RESULT] 2026-01-19T08:36:12.646301 reply='f6h5' fen=rnbqkb1r/pp1ppppp/2p5/7n/3P1B2/6P1/PPP1PP1P/RN1QKBNR w KQkq - 1 4 engine_skill=0 engine_persona=Grasshopper rng_seed=None
[MOVE] 2026-01-19T08:36:18.285632 uci=g1f3 fen=rnbqkb1r/pp1ppppp/2p5/7n/3P1B2/5NP1/PPP1PP1P/RN1QKB1R b KQkq - 2 4 time=0.35 engine_skill=0 engine_persona=Grasshopper
[MOVE-RESULT] 2026-01-19T08:36:18.611131 reply='a7a5' fen=rnbqkb1r/1p1ppppp/2p5/p6n/3P1B2/5NP1/PPP1PP1P/RN1QKB1R w KQkq - 0 5 engine_skill=0 engine_persona=Grasshopper rng_seed=None
[MOVE] 2026-01-19T08:36:23.347024 uci=e2e3 fen=rnbqkb1r/1p1ppppp/2p5/p6n/3P1B2/4PNP1/PPP2P1P/RN1QKB1R b KQkq - 0 5 time=0.35 engine_skill=0 engine_persona=Grasshopper
[MOVE-RESULT] 2026-01-19T08:36:23.661318 reply='a5a4' fen=rnbqkb1r/1p1ppppp/2p5/7n/p2P1B2/4PNP1/PPP2P1P/RN1QKB1R w KQkq - 0 6 engine_skill=0 engine_persona=Grasshopper rng_seed=None
[MOVE] 2026-01-19T08:36:25.903610 uci=a2a3 fen=rnbqkb1r/1p1ppppp/2p5/7n/p2P1B2/P3PNP1/1PP2P1P/RN1QKB1R b KQkq - 0 6 time=0.35 engine_skill=0 engine_persona=Grasshopper
[MOVE-RESULT] 2026-01-19T08:36:26.243412 reply='b8a6' fen=r1bqkb1r/1p1ppppp/n1p5/7n/p2P1B2/P3PNP1/1PP2P1P/RN1QKB1R w KQkq - 1 7 engine_skill=0 engine_persona=Grasshopper rng_seed=None
[MOVE] 2026-01-19T08:36:34.209350 uci=f1d3 fen=r1bqkb1r/1p1ppppp/n1p5/7n/p2P1B2/P2BPNP1/1PP2P1P/RN1QK2R b KQkq - 2 7 time=0.35 engine_skill=0 engine_persona=Grasshopper
[MOVE-RESULT] 2026-01-19T08:36:34.532108 reply='g7g6' fen=r1bqkb1r/1p1ppp1p/n1p3p1/7n/p2P1B2/P2BPNP1/1PP2P1P/RN1QK2R w KQkq - 0 8 engine_skill=0 engine_persona=Grasshopper rng_seed=None
[MOVE] 2026-01-19T08:36:37.456523 uci=b1d2 fen=r1bqkb1r/1p1ppp1p/n1p3p1/7n/p2P1B2/P2BPNP1/1PPN1P1P/R2QK2R b KQkq - 1 8 time=0.35 engine_skill=0 engine_persona=Grasshopper
[MOVE-RESULT] 2026-01-19T08:36:37.814037 reply='a6c7' fen=r1bqkb1r/1pnppp1p/2p3p1/7n/p2P1B2/P2BPNP1/1PPN1P1P/R2QK2R w KQkq - 2 9 engine_skill=0 engine_persona=Grasshopper rng_seed=None
[MOVE] 2026-01-19T08:36:45.238400 uci=f4e5 fen=r1bqkb1r/1pnppp1p/2p3p1/4B2n/p2P4/P2BPNP1/1PPN1P1P/R2QK2R b KQkq - 3 9 time=0.35 engine_skill=0 engine_persona=Grasshopper
[MOVE-RESULT] 2026-01-19T08:36:45.583871 reply='f8g7' fen=r1bqk2r/1pnpppbp/2p3p1/4B2n/p2P4/P2BPNP1/1PPN1P1P/R2QK2R w KQkq - 4 10 engine_skill=0 engine_persona=Grasshopper rng_seed=None
[MOVE] 2026-01-19T08:36:48.444385 uci=e5g7 fen=r1bqk2r/1pnpppBp/2p3p1/7n/p2P4/P2BPNP1/1PPN1P1P/R2QK2R b KQkq - 0 10 time=0.35 engine_skill=0 engine_persona=Grasshopper
[MOVE-RESULT] 2026-01-19T08:36:48.753566 reply='d7d6' fen=r1bqk2r/1pn1ppBp/2pp2p1/7n/p2P4/P2BPNP1/1PPN1P1P/R2QK2R w KQkq - 0 11 engine_skill=0 engine_persona=Grasshopper rng_seed=None
[MOVE] 2026-01-19T08:36:50.329433 uci=g7h8 fen=r1bqk2B/1pn1pp1p/2pp2p1/7n/p2P4/P2BPNP1/1PPN1P1P/R2QK2R b KQq - 0 11 time=0.35 engine_skill=0 engine_persona=Grasshopper
[MOVE-RESULT] 2026-01-19T08:36:50.666026 reply='f7f6' fen=r1bqk2B/1pn1p2p/2pp1pp1/7n/p2P4/P2BPNP1/1PPN1P1P/R2QK2R w KQq - 0 12 engine_skill=0 engine_persona=Grasshopper rng_seed=None
[MOVE] 2026-01-19T08:36:52.548679 uci=h8f6 fen=r1bqk3/1pn1p2p/2pp1Bp1/7n/p2P4/P2BPNP1/1PPN1P1P/R2QK2R b KQq - 0 12 time=0.35 engine_skill=0 engine_persona=Grasshopper
[MOVE-RESULT] 2026-01-19T08:36:52.869761 reply='a8a5' fen=2bqk3/1pn1p2p/2pp1Bp1/r6n/p2P4/P2BPNP1/1PPN1P1P/R2QK2R w KQ - 1 13 engine_skill=0 engine_persona=Grasshopper rng_seed=None
[MOVE] 2026-01-19T08:36:55.663021 uci=f6h4 fen=2bqk3/1pn1p2p/2pp2p1/r6n/p2P3B/P2BPNP1/1PPN1P1P/R2QK2R b KQ - 2 13 time=0.35 engine_skill=0 engine_persona=Grasshopper
[MOVE-RESULT] 2026-01-19T08:36:55.989075 reply='c7e6' fen=2bqk3/1p2p2p/2ppn1p1/r6n/p2P3B/P2BPNP1/1PPN1P1P/R2QK2R w KQ - 3 14 engine_skill=0 engine_persona=Grasshopper rng_seed=None
[MOVE] 2026-01-19T08:37:09.991195 uci=d2c4 fen=2bqk3/1p2p2p/2ppn1p1/r6n/p1NP3B/P2BPNP1/1PP2P1P/R2QK2R b KQ - 4 14 time=0.35 engine_skill=0 engine_persona=Grasshopper
[MOVE-RESULT] 2026-01-19T08:37:10.308059 reply='g6g5' fen=2bqk3/1p2p2p/2ppn3/r5pn/p1NP3B/P2BPNP1/1PP2P1P/R2QK2R w KQ - 0 15 engine_skill=0 engine_persona=Grasshopper rng_seed=None
[MOVE] 2026-01-19T08:37:11.729396 uci=c4a5 fen=2bqk3/1p2p2p/2ppn3/N5pn/p2P3B/P2BPNP1/1PP2P1P/R2QK2R b KQ - 0 15 time=0.35 engine_skill=0 engine_persona=Grasshopper
[MOVE-RESULT] 2026-01-19T08:37:12.081552 reply='h5f4' fen=2bqk3/1p2p2p/2ppn3/N5p1/p2P1n1B/P2BPNP1/1PP2P1P/R2QK2R w KQ - 1 16 engine_skill=0 engine_persona=Grasshopper rng_seed=None
[MOVE] 2026-01-19T08:37:15.244672 uci=g3f4 fen=2bqk3/1p2p2p/2ppn3/N5p1/p2P1P1B/P2BPN2/1PP2P1P/R2QK2R b KQ - 0 16 time=0.35 engine_skill=0 engine_persona=Grasshopper
[MOVE-RESULT] 2026-01-19T08:37:15.566679 reply='g5f4' fen=2bqk3/1p2p2p/2ppn3/N7/p2P1p1B/P2BPN2/1PP2P1P/R2QK2R w KQ - 0 17 engine_skill=0 engine_persona=Grasshopper rng_seed=None
[MOVE] 2026-01-19T08:37:17.854138 uci=e3f4 fen=2bqk3/1p2p2p/2ppn3/N7/p2P1P1B/P2B1N2/1PP2P1P/R2QK2R b KQ - 0 17 time=0.35 engine_skill=0 engine_persona=Grasshopper
[MOVE-RESULT] 2026-01-19T08:37:18.186568 reply='c8d7' fen=3qk3/1p1bp2p/2ppn3/N7/p2P1P1B/P2B1N2/1PP2P1P/R2QK2R w KQ - 1 18 engine_skill=0 engine_persona=Grasshopper rng_seed=None
[MOVE] 2026-01-19T08:37:19.945988 uci=f4f5 fen=3qk3/1p1bp2p/2ppn3/N4P2/p2P3B/P2B1N2/1PP2P1P/R2QK2R b KQ - 0 18 time=0.35 engine_skill=0 engine_persona=Grasshopper
[MOVE-RESULT] 2026-01-19T08:37:20.442105 reply='e6g5' fen=3qk3/1p1bp2p/2pp4/N4Pn1/p2P3B/P2B1N2/1PP2P1P/R2QK2R w KQ - 1 19 engine_skill=0 engine_persona=Grasshopper rng_seed=None
[MOVE] 2026-01-19T08:37:22.260719 uci=h4g5 fen=3qk3/1p1bp2p/2pp4/N4PB1/p2P4/P2B1N2/1PP2P1P/R2QK2R b KQ - 0 19 time=0.35 engine_skill=0 engine_persona=Grasshopper
[MOVE-RESULT] 2026-01-19T08:37:22.575500 reply='c6c5' fen=3qk3/1p1bp2p/3p4/N1p2PB1/p2P4/P2B1N2/1PP2P1P/R2QK2R w KQ - 0 20 engine_skill=0 engine_persona=Grasshopper rng_seed=None
[MOVE] 2026-01-19T08:37:23.963816 uci=f5f6 fen=3qk3/1p1bp2p/3p1P2/N1p3B1/p2P4/P2B1N2/1PP2P1P/R2QK2R b KQ - 0 20 time=0.35 engine_skill=0 engine_persona=Grasshopper
[MOVE-RESULT] 2026-01-19T08:37:24.273166 reply='e7e6' fen=3qk3/1p1b3p/3ppP2/N1p3B1/p2P4/P2B1N2/1PP2P1P/R2QK2R w KQ - 0 21 engine_skill=0 engine_persona=Grasshopper rng_seed=None
[MOVE] 2026-01-19T08:37:34.496558 uci=d3h7 fen=3qk3/1p1b3B/3ppP2/N1p3B1/p2P4/P4N2/1PP2P1P/R2QK2R b KQ - 0 21 time=0.35 engine_skill=0 engine_persona=Grasshopper
[MOVE-RESULT] 2026-01-19T08:37:34.812459 reply='d7c6' fen=3qk3/1p5B/2bppP2/N1p3B1/p2P4/P4N2/1PP2P1P/R2QK2R w KQ - 1 22 engine_skill=0 engine_persona=Grasshopper rng_seed=None
[MOVE] 2026-01-19T08:37:36.386202 uci=h7g6 fen=3qk3/1p6/2bppPB1/N1p3B1/p2P4/P4N2/1PP2P1P/R2QK2R b KQ - 2 22 time=0.35 engine_skill=0 engine_persona=Grasshopper
[MOVE-RESULT] 2026-01-19T08:37:36.703411 reply='e8f8' fen=3q1k2/1p6/2bppPB1/N1p3B1/p2P4/P4N2/1PP2P1P/R2QK2R w KQ - 3 23 engine_skill=0 engine_persona=Grasshopper rng_seed=None
[MOVE] 2026-01-19T08:37:38.525111 uci=f6f7 fen=3q1k2/1p3P2/2bpp1B1/N1p3B1/p2P4/P4N2/1PP2P1P/R2QK2R b KQ - 0 23 time=0.35 engine_skill=0 engine_persona=Grasshopper
[MOVE-RESULT] 2026-01-19T08:37:38.841863 reply='c6b5' fen=3q1k2/1p3P2/3pp1B1/Nbp3B1/p2P4/P4N2/1PP2P1P/R2QK2R w KQ - 1 24 engine_skill=0 engine_persona=Grasshopper rng_seed=None
[MOVE] 2026-01-19T08:37:44.406177 uci=a5b7 fen=3q1k2/1N3P2/3pp1B1/1bp3B1/p2P4/P4N2/1PP2P1P/R2QK2R b KQ - 0 24 time=0.35 engine_skill=0 engine_persona=Grasshopper
[MOVE-RESULT] 2026-01-19T08:37:44.725698 reply='d8b8' fen=1q3k2/1N3P2/3pp1B1/1bp3B1/p2P4/P4N2/1PP2P1P/R2QK2R w KQ - 1 25 engine_skill=0 engine_persona=Grasshopper rng_seed=None
[MOVE] 2026-01-19T08:37:46.742106 uci=b7d6 fen=1q3k2/5P2/3Np1B1/1bp3B1/p2P4/P4N2/1PP2P1P/R2QK2R b KQ - 0 25 time=0.35 engine_skill=0 engine_persona=Grasshopper
[MOVE-RESULT] 2026-01-19T08:37:47.065507 reply='b5a6' fen=1q3k2/5P2/b2Np1B1/2p3B1/p2P4/P4N2/1PP2P1P/R2QK2R w KQ - 1 26 engine_skill=0 engine_persona=Grasshopper rng_seed=None
[MOVE] 2026-01-19T08:37:53.242158 uci=d6c4 fen=1q3k2/5P2/b3p1B1/2p3B1/p1NP4/P4N2/1PP2P1P/R2QK2R b KQ - 2 26 time=0.35 engine_skill=0 engine_persona=Grasshopper
[MOVE-RESULT] 2026-01-19T08:37:53.551212 reply='a6b5' fen=1q3k2/5P2/4p1B1/1bp3B1/p1NP4/P4N2/1PP2P1P/R2QK2R w KQ - 3 27 engine_skill=0 engine_persona=Grasshopper rng_seed=None
[MOVE] 2026-01-19T08:38:06.295989 uci=d1e2 fen=1q3k2/5P2/4p1B1/1bp3B1/p1NP4/P4N2/1PP1QP1P/R3K2R b KQ - 4 27 time=0.35 engine_skill=0 engine_persona=Grasshopper
[MOVE-RESULT] 2026-01-19T08:38:06.608856 reply='f8g7' fen=1q6/5Pk1/4p1B1/1bp3B1/p1NP4/P4N2/1PP1QP1P/R3K2R w KQ - 5 28 engine_skill=0 engine_persona=Grasshopper rng_seed=None
[MOVE] 2026-01-19T08:38:12.188204 uci=d4d5 fen=1q6/5Pk1/4p1B1/1bpP2B1/p1N5/P4N2/1PP1QP1P/R3K2R b KQ - 0 28 time=0.35 engine_skill=0 engine_persona=Grasshopper
[MOVE-RESULT] 2026-01-19T08:38:12.503141 reply='b8a8' fen=q7/5Pk1/4p1B1/1bpP2B1/p1N5/P4N2/1PP1QP1P/R3K2R w KQ - 1 29 engine_skill=0 engine_persona=Grasshopper rng_seed=None
[MOVE] 2026-01-19T08:38:22.734704 uci=g6d3 fen=q7/5Pk1/4p3/1bpP2B1/p1N5/P2B1N2/1PP1QP1P/R3K2R b KQ - 2 29 time=0.35 engine_skill=0 engine_persona=Grasshopper
[MOVE-RESULT] 2026-01-19T08:38:23.050920 reply='b5a6' fen=q7/5Pk1/b3p3/2pP2B1/p1N5/P2B1N2/1PP1QP1P/R3K2R w KQ - 3 30 engine_skill=0 engine_persona=Grasshopper rng_seed=None
[MOVE] 2026-01-19T08:38:25.987911 uci=e2e6 fen=q7/5Pk1/b3Q3/2pP2B1/p1N5/P2B1N2/1PP2P1P/R3K2R b KQ - 0 30 time=0.35 engine_skill=0 engine_persona=Grasshopper
[MOVE-RESULT] 2026-01-19T08:38:26.311195 reply='a8c8' fen=2q5/5Pk1/b3Q3/2pP2B1/p1N5/P2B1N2/1PP2P1P/R3K2R w KQ - 1 31 engine_skill=0 engine_persona=Grasshopper rng_seed=None
[MOVE] 2026-01-19T08:38:29.159821 uci=e6a6 fen=2q5/5Pk1/Q7/2pP2B1/p1N5/P2B1N2/1PP2P1P/R3K2R b KQ - 0 31 time=0.35 engine_skill=0 engine_persona=Grasshopper
[MOVE-RESULT] 2026-01-19T08:38:29.508569 reply='c8c7' fen=8/2q2Pk1/Q7/2pP2B1/p1N5/P2B1N2/1PP2P1P/R3K2R w KQ - 1 32 engine_skill=0 engine_persona=Grasshopper rng_seed=None
[MOVE] 2026-01-19T08:38:32.326444 uci=a6a4 fen=8/2q2Pk1/8/2pP2B1/Q1N5/P2B1N2/1PP2P1P/R3K2R b KQ - 0 32 time=0.35 engine_skill=0 engine_persona=Grasshopper
[MOVE-RESULT] 2026-01-19T08:38:32.640750 reply='c7f7' fen=8/5qk1/8/2pP2B1/Q1N5/P2B1N2/1PP2P1P/R3K2R w KQ - 0 33 engine_skill=0 engine_persona=Grasshopper rng_seed=None
[MOVE] 2026-01-19T08:38:36.230212 uci=a4a7 fen=8/Q4qk1/8/2pP2B1/2N5/P2B1N2/1PP2P1P/R3K2R b KQ - 1 33 time=0.35 engine_skill=0 engine_persona=Grasshopper
[MOVE-RESULT] 2026-01-19T08:38:36.543137 reply='f7b7' fen=8/Qq4k1/8/2pP2B1/2N5/P2B1N2/1PP2P1P/R3K2R w KQ - 2 34 engine_skill=0 engine_persona=Grasshopper rng_seed=None
[MOVE] 2026-01-19T08:38:38.088900 uci=a7b7 fen=8/1Q4k1/8/2pP2B1/2N5/P2B1N2/1PP2P1P/R3K2R b KQ - 0 34 time=0.35 engine_skill=0 engine_persona=Grasshopper
[MOVE-RESULT] 2026-01-19T08:38:38.400611 reply='g7h8' fen=7k/1Q6/8/2pP2B1/2N5/P2B1N2/1PP2P1P/R3K2R w KQ - 1 35 engine_skill=0 engine_persona=Grasshopper rng_seed=None
[MOVE] 2026-01-19T08:38:42.659151 uci=b7c7 fen=7k/2Q5/8/2pP2B1/2N5/P2B1N2/1PP2P1P/R3K2R b KQ - 2 35 time=0.35 engine_skill=0 engine_persona=Grasshopper
[MOVE-RESULT] 2026-01-19T08:38:42.987684 reply='h8g8' fen=6k1/2Q5/8/2pP2B1/2N5/P2B1N2/1PP2P1P/R3K2R w KQ - 3 36 engine_skill=0 engine_persona=Grasshopper rng_seed=None
[MOVE] 2026-01-19T08:38:49.884630 uci=e1f1 fen=6k1/2Q5/8/2pP2B1/2N5/P2B1N2/1PP2P1P/R4K1R b - - 4 36 time=0.35 engine_skill=0 engine_persona=Grasshopper
[MOVE-RESULT] 2026-01-19T08:38:50.204892 reply='g8h8' fen=7k/2Q5/8/2pP2B1/2N5/P2B1N2/1PP2P1P/R4K1R w - - 5 37 engine_skill=0 engine_persona=Grasshopper rng_seed=None
[MOVE] 2026-01-19T08:38:52.449885 uci=f1g2 fen=7k/2Q5/8/2pP2B1/2N5/P2B1N2/1PP2PKP/R6R b - - 6 37 time=0.35 engine_skill=0 engine_persona=Grasshopper
[MOVE-RESULT] 2026-01-19T08:38:52.770859 reply='h8g8' fen=6k1/2Q5/8/2pP2B1/2N5/P2B1N2/1PP2PKP/R6R w - - 7 38 engine_skill=0 engine_persona=Grasshopper rng_seed=None
[MOVE] 2026-01-19T08:38:54.175033 uci=h1e1 fen=6k1/2Q5/8/2pP2B1/2N5/P2B1N2/1PP2PKP/R3R3 b - - 8 38 time=0.35 engine_skill=0 engine_persona=Grasshopper
[MOVE-RESULT] 2026-01-19T08:38:54.490416 reply='g8h8' fen=7k/2Q5/8/2pP2B1/2N5/P2B1N2/1PP2PKP/R3R3 w - - 9 39 engine_skill=0 engine_persona=Grasshopper rng_seed=None
[MOVE] 2026-01-19T08:38:56.157728 uci=e1e8 fen=4R2k/2Q5/8/2pP2B1/2N5/P2B1N2/1PP2PKP/R7 b - - 10 39 time=0.35 engine_skill=0 engine_persona=Grasshopper
[MOVE-RESULT] 2026-01-19T08:38:56.479015 reply='e1e8' fen=4R2k/2Q5/8/2pP2B1/2N5/P2B1N2/1PP2PKP/R7 b - - 10 39 engine_skill=0 engine_persona=Grasshopper rng_seed=None
[MOVE] 2026-01-19T08:44:59.668512 uci=e2e4 fen=rnbqkbnr/pppppppp/8/8/4P3/8/PPPP1PPP/RNBQKBNR b KQkq - 0 1 time=0.35 engine_skill=0 engine_persona=Grasshopper
[MOVE-RESULT] 2026-01-19T08:44:59.968622 reply='e7e6' fen=rnbqkbnr/pppp1ppp/4p3/8/4P3/8/PPPP1PPP/RNBQKBNR w KQkq - 0 2 engine_skill=0 engine_persona=Grasshopper rng_seed=None
[MOVE] 2026-01-19T08:47:05.951995 uci=d2d4 fen=rnbqkbnr/pppppppp/8/8/3P4/8/PPP1PPPP/RNBQKBNR b KQkq - 0 1 time=0.35 engine_skill=0 engine_persona=Grasshopper
[MOVE-RESULT] 2026-01-19T08:47:06.714745 reply='c7c5' fen=rnbqkbnr/pp1ppppp/8/2p5/3P4/8/PPP1PPPP/RNBQKBNR w KQkq - 0 2 engine_skill=0 engine_persona=Grasshopper rng_seed=None
[MOVE] 2026-01-19T08:47:08.683886 uci=c1f4 fen=rnbqkbnr/pp1ppppp/8/2p5/3P1B2/8/PPP1PPPP/RN1QKBNR b KQkq - 1 2 time=0.35 engine_skill=0 engine_persona=Grasshopper
[MOVE-RESULT] 2026-01-19T08:47:09.233715 reply='b8c6' fen=r1bqkbnr/pp1ppppp/2n5/2p5/3P1B2/8/PPP1PPPP/RN1QKBNR w KQkq - 2 3 engine_skill=0 engine_persona=Grasshopper rng_seed=None
[MOVE] 2026-01-19T08:47:12.746178 uci=g1f3 fen=r1bqkbnr/pp1ppppp/2n5/2p5/3P1B2/5N2/PPP1PPPP/RN1QKB1R b KQkq - 3 3 time=0.35 engine_skill=0 engine_persona=Grasshopper
[MOVE-RESULT] 2026-01-19T08:47:13.188009 reply='d8a5' fen=r1b1kbnr/pp1ppppp/2n5/q1p5/3P1B2/5N2/PPP1PPPP/RN1QKB1R w KQkq - 4 4 engine_skill=0 engine_persona=Grasshopper rng_seed=None
[MOVE] 2026-01-19T08:47:18.193960 uci=d1d2 fen=r1b1kbnr/pp1ppppp/2n5/q1p5/3P1B2/5N2/PPPQPPPP/RN2KB1R b KQkq - 5 4 time=0.35 engine_skill=0 engine_persona=Grasshopper
[MOVE-RESULT] 2026-01-19T08:47:18.680277 reply='d7d6' fen=r1b1kbnr/pp2pppp/2np4/q1p5/3P1B2/5N2/PPPQPPPP/RN2KB1R w KQkq - 0 5 engine_skill=0 engine_persona=Grasshopper rng_seed=None
[MOVE] 2026-01-19T08:47:21.049947 uci=d2a5 fen=r1b1kbnr/pp2pppp/2np4/Q1p5/3P1B2/5N2/PPP1PPPP/RN2KB1R b KQkq - 0 5 time=0.35 engine_skill=0 engine_persona=Grasshopper
[MOVE-RESULT] 2026-01-19T08:47:21.583900 reply='g7g6' fen=r1b1kbnr/pp2pp1p/2np2p1/Q1p5/3P1B2/5N2/PPP1PPPP/RN2KB1R w KQkq - 0 6 engine_skill=0 engine_persona=Grasshopper rng_seed=None
[MOVE] 2026-01-19T08:47:32.055699 uci=a5d2 fen=r1b1kbnr/pp2pp1p/2np2p1/2p5/3P1B2/5N2/PPPQPPPP/RN2KB1R b KQkq - 1 6 time=0.35 engine_skill=0 engine_persona=Grasshopper
[MOVE-RESULT] 2026-01-19T08:47:32.568410 reply='c8g4' fen=r3kbnr/pp2pp1p/2np2p1/2p5/3P1Bb1/5N2/PPPQPPPP/RN2KB1R w KQkq - 2 7 engine_skill=0 engine_persona=Grasshopper rng_seed=None
[MOVE] 2026-01-19T08:47:35.271069 uci=h2h3 fen=r3kbnr/pp2pp1p/2np2p1/2p5/3P1Bb1/5N1P/PPPQPPP1/RN2KB1R b KQkq - 0 7 time=0.35 engine_skill=0 engine_persona=Grasshopper
[MOVE-RESULT] 2026-01-19T08:47:35.761504 reply='a8d8' fen=3rkbnr/pp2pp1p/2np2p1/2p5/3P1Bb1/5N1P/PPPQPPP1/RN2KB1R w KQk - 1 8 engine_skill=0 engine_persona=Grasshopper rng_seed=None
[MOVE] 2026-01-19T08:47:37.278030 uci=e2e3 fen=3rkbnr/pp2pp1p/2np2p1/2p5/3P1Bb1/4PN1P/PPPQ1PP1/RN2KB1R b KQk - 0 8 time=0.35 engine_skill=0 engine_persona=Grasshopper
[MOVE-RESULT] 2026-01-19T08:47:37.721406 reply='h7h5' fen=3rkbnr/pp2pp2/2np2p1/2p4p/3P1Bb1/4PN1P/PPPQ1PP1/RN2KB1R w KQk - 0 9 engine_skill=0 engine_persona=Grasshopper rng_seed=None
[MOVE] 2026-01-19T08:47:45.046865 uci=f1b5 fen=3rkbnr/pp2pp2/2np2p1/1Bp4p/3P1Bb1/4PN1P/PPPQ1PP1/RN2K2R b KQk - 1 9 time=0.35 engine_skill=0 engine_persona=Grasshopper
[MOVE-RESULT] 2026-01-19T08:47:45.565041 reply='g4d7' fen=3rkbnr/pp1bpp2/2np2p1/1Bp4p/3P1B2/4PN1P/PPPQ1PP1/RN2K2R w KQk - 2 10 engine_skill=0 engine_persona=Grasshopper rng_seed=None
[MOVE] 2026-01-19T08:48:53.457848 uci=f3g5 fen=3rkbnr/pp1bpp2/2np2p1/1Bp3Np/3P1B2/4P2P/PPPQ1PP1/RN2K2R b KQk - 3 10 time=0.35 engine_skill=0 engine_persona=Grasshopper
[MOVE-RESULT] 2026-01-19T08:48:53.795060 reply='g8h6' fen=3rkb1r/pp1bpp2/2np2pn/1Bp3Np/3P1B2/4P2P/PPPQ1PP1/RN2K2R w KQk - 4 11 engine_skill=0 engine_persona=Grasshopper rng_seed=None
[MOVE] 2026-01-19T08:49:04.585478 uci=b5c6 fen=3rkb1r/pp1bpp2/2Bp2pn/2p3Np/3P1B2/4P2P/PPPQ1PP1/RN2K2R b KQk - 0 11 time=0.35 engine_skill=0 engine_persona=Grasshopper
[MOVE-RESULT] 2026-01-19T08:49:04.901384 reply='d8c8' fen=2r1kb1r/pp1bpp2/2Bp2pn/2p3Np/3P1B2/4P2P/PPPQ1PP1/RN2K2R w KQk - 1 12 engine_skill=0 engine_persona=Grasshopper rng_seed=None
[MOVE] 2026-01-19T08:49:07.796409 uci=c6d7 fen=2r1kb1r/pp1Bpp2/3p2pn/2p3Np/3P1B2/4P2P/PPPQ1PP1/RN2K2R b KQk - 0 12 time=0.35 engine_skill=0 engine_persona=Grasshopper
[MOVE-RESULT] 2026-01-19T08:49:08.106345 reply='e8d8' fen=2rk1b1r/pp1Bpp2/3p2pn/2p3Np/3P1B2/4P2P/PPPQ1PP1/RN2K2R w KQ - 1 13 engine_skill=0 engine_persona=Grasshopper rng_seed=None
[MOVE] 2026-01-19T08:49:09.652113 uci=d7c8 fen=2Bk1b1r/pp2pp2/3p2pn/2p3Np/3P1B2/4P2P/PPPQ1PP1/RN2K2R b KQ - 0 13 time=0.35 engine_skill=0 engine_persona=Grasshopper
[MOVE-RESULT] 2026-01-19T08:49:09.984820 reply='d6d5' fen=2Bk1b1r/pp2pp2/6pn/2pp2Np/3P1B2/4P2P/PPPQ1PP1/RN2K2R w KQ - 0 14 engine_skill=0 engine_persona=Grasshopper rng_seed=None
[MOVE] 2026-01-19T08:49:17.926362 uci=c8g4 fen=3k1b1r/pp2pp2/6pn/2pp2Np/3P1BB1/4P2P/PPPQ1PP1/RN2K2R b KQ - 1 14 time=0.35 engine_skill=0 engine_persona=Grasshopper
[MOVE-RESULT] 2026-01-19T08:49:18.230198 reply='c5c4' fen=3k1b1r/pp2pp2/6pn/3p2Np/2pP1BB1/4P2P/PPPQ1PP1/RN2K2R w KQ - 0 15 engine_skill=0 engine_persona=Grasshopper rng_seed=None
[MOVE] 2026-01-19T08:49:24.526085 uci=b1c3 fen=3k1b1r/pp2pp2/6pn/3p2Np/2pP1BB1/2N1P2P/PPPQ1PP1/R3K2R b KQ - 1 15 time=0.35 engine_skill=0 engine_persona=Grasshopper
[MOVE-RESULT] 2026-01-19T08:49:24.840631 reply='h5h4' fen=3k1b1r/pp2pp2/6pn/3p2N1/2pP1BBp/2N1P2P/PPPQ1PP1/R3K2R w KQ - 0 16 engine_skill=0 engine_persona=Grasshopper rng_seed=None
[MOVE] 2026-01-19T08:49:26.213987 uci=c3d5 fen=3k1b1r/pp2pp2/6pn/3N2N1/2pP1BBp/4P2P/PPPQ1PP1/R3K2R b KQ - 0 16 time=0.35 engine_skill=0 engine_persona=Grasshopper
[MOVE-RESULT] 2026-01-19T08:49:26.536989 reply='e7e5' fen=3k1b1r/pp3p2/6pn/3Np1N1/2pP1BBp/4P2P/PPPQ1PP1/R3K2R w KQ - 0 17 engine_skill=0 engine_persona=Grasshopper rng_seed=None
[MOVE] 2026-01-19T08:49:32.919721 uci=f4e5 fen=3k1b1r/pp3p2/6pn/3NB1N1/2pP2Bp/4P2P/PPPQ1PP1/R3K2R b KQ - 0 17 time=0.35 engine_skill=0 engine_persona=Grasshopper
[MOVE-RESULT] 2026-01-19T08:49:33.231315 reply='a7a5' fen=3k1b1r/1p3p2/6pn/p2NB1N1/2pP2Bp/4P2P/PPPQ1PP1/R3K2R w KQ - 0 18 engine_skill=0 engine_persona=Grasshopper rng_seed=None
[MOVE] 2026-01-19T08:49:46.815590 uci=d2a5 fen=3k1b1r/1p3p2/6pn/Q2NB1N1/2pP2Bp/4P2P/PPP2PP1/R3K2R b KQ - 0 18 time=0.35 engine_skill=0 engine_persona=Grasshopper
[MOVE-RESULT] 2026-01-19T08:49:47.126192 reply='b7b6' fen=3k1b1r/5p2/1p4pn/Q2NB1N1/2pP2Bp/4P2P/PPP2PP1/R3K2R w KQ - 0 19 engine_skill=0 engine_persona=Grasshopper rng_seed=None
[MOVE] 2026-01-19T08:49:49.400774 uci=a5b6 fen=3k1b1r/5p2/1Q4pn/3NB1N1/2pP2Bp/4P2P/PPP2PP1/R3K2R b KQ - 0 19 time=0.35 engine_skill=0 engine_persona=Grasshopper
[MOVE-RESULT] 2026-01-19T08:49:49.720584 reply='d8e8' fen=4kb1r/5p2/1Q4pn/3NB1N1/2pP2Bp/4P2P/PPP2PP1/R3K2R w KQ - 1 20 engine_skill=0 engine_persona=Grasshopper rng_seed=None
[MOVE] 2026-01-19T08:49:54.388643 uci=b6b8 fen=1Q2kb1r/5p2/6pn/3NB1N1/2pP2Bp/4P2P/PPP2PP1/R3K2R b KQ - 2 20 time=0.35 engine_skill=0 engine_persona=Grasshopper
[MOVE-RESULT] 2026-01-19T08:49:54.711470 reply='b6b8' fen=1Q2kb1r/5p2/6pn/3NB1N1/2pP2Bp/4P2P/PPP2PP1/R3K2R b KQ - 2 20 engine_skill=0 engine_persona=Grasshopper rng_seed=None
[MOVE] 2026-01-19T08:52:58.085828 uci=d2d4 fen=rnbqkbnr/pppppppp/8/8/3P4/8/PPP1PPPP/RNBQKBNR b KQkq - 0 1 time=0.35 engine_skill=0 engine_persona=Grasshopper
[MOVE-RESULT] 2026-01-19T08:52:58.557176 reply='d7d6' fen=rnbqkbnr/ppp1pppp/3p4/8/3P4/8/PPP1PPPP/RNBQKBNR w KQkq - 0 2 engine_skill=0 engine_persona=Grasshopper rng_seed=None
[MOVE] 2026-01-19T08:53:02.399793 uci=c1f4 fen=rnbqkbnr/ppp1pppp/3p4/8/3P1B2/8/PPP1PPPP/RN1QKBNR b KQkq - 1 2 time=0.35 engine_skill=0 engine_persona=Grasshopper
[MOVE-RESULT] 2026-01-19T08:53:02.761357 reply='a7a6' fen=rnbqkbnr/1pp1pppp/p2p4/8/3P1B2/8/PPP1PPPP/RN1QKBNR w KQkq - 0 3 engine_skill=0 engine_persona=Grasshopper rng_seed=None
[MOVE] 2026-01-19T08:53:05.942439 uci=g1f3 fen=rnbqkbnr/1pp1pppp/p2p4/8/3P1B2/5N2/PPP1PPPP/RN1QKB1R b KQkq - 1 3 time=0.35 engine_skill=0 engine_persona=Grasshopper
[MOVE-RESULT] 2026-01-19T08:53:06.284241 reply='e7e6' fen=rnbqkbnr/1pp2ppp/p2pp3/8/3P1B2/5N2/PPP1PPPP/RN1QKB1R w KQkq - 0 4 engine_skill=0 engine_persona=Grasshopper rng_seed=None
[MOVE] 2026-01-19T08:53:08.476793 uci=e2e3 fen=rnbqkbnr/1pp2ppp/p2pp3/8/3P1B2/4PN2/PPP2PPP/RN1QKB1R b KQkq - 0 4 time=0.35 engine_skill=0 engine_persona=Grasshopper
[MOVE-RESULT] 2026-01-19T08:53:08.787627 reply='c7c6' fen=rnbqkbnr/1p3ppp/p1ppp3/8/3P1B2/4PN2/PPP2PPP/RN1QKB1R w KQkq - 0 5 engine_skill=0 engine_persona=Grasshopper rng_seed=None
[MOVE] 2026-01-19T08:53:13.358252 uci=b1d2 fen=rnbqkbnr/1p3ppp/p1ppp3/8/3P1B2/4PN2/PPPN1PPP/R2QKB1R b KQkq - 1 5 time=0.35 engine_skill=0 engine_persona=Grasshopper
[MOVE-RESULT] 2026-01-19T08:53:13.678411 reply='d8c7' fen=rnb1kbnr/1pq2ppp/p1ppp3/8/3P1B2/4PN2/PPPN1PPP/R2QKB1R w KQkq - 2 6 engine_skill=0 engine_persona=Grasshopper rng_seed=None
[MOVE] 2026-01-19T08:53:14.969409 uci=c2c3 fen=rnb1kbnr/1pq2ppp/p1ppp3/8/3P1B2/2P1PN2/PP1N1PPP/R2QKB1R b KQkq - 0 6 time=0.35 engine_skill=0 engine_persona=Grasshopper
[MOVE-RESULT] 2026-01-19T08:53:15.293171 reply='b7b5' fen=rnb1kbnr/2q2ppp/p1ppp3/1p6/3P1B2/2P1PN2/PP1N1PPP/R2QKB1R w KQkq - 0 7 engine_skill=0 engine_persona=Grasshopper rng_seed=None
[MOVE] 2026-01-19T08:53:16.864153 uci=f1d3 fen=rnb1kbnr/2q2ppp/p1ppp3/1p6/3P1B2/2PBPN2/PP1N1PPP/R2QK2R b KQkq - 1 7 time=0.35 engine_skill=0 engine_persona=Grasshopper
[MOVE-RESULT] 2026-01-19T08:53:17.175149 reply='g7g6' fen=rnb1kbnr/2q2p1p/p1ppp1p1/1p6/3P1B2/2PBPN2/PP1N1PPP/R2QK2R w KQkq - 0 8 engine_skill=0 engine_persona=Grasshopper rng_seed=None
[MOVE] 2026-01-19T08:53:29.212089 uci=e1g1 fen=rnb1kbnr/2q2p1p/p1ppp1p1/1p6/3P1B2/2PBPN2/PP1N1PPP/R2Q1RK1 b kq - 1 8 time=0.35 engine_skill=0 engine_persona=Grasshopper
[MOVE-RESULT] 2026-01-19T08:53:29.542830 reply='f7f5' fen=rnb1kbnr/2q4p/p1ppp1p1/1p3p2/3P1B2/2PBPN2/PP1N1PPP/R2Q1RK1 w kq - 0 9 engine_skill=0 engine_persona=Grasshopper rng_seed=None
[MOVE] 2026-01-19T08:53:42.299438 uci=f4e5 fen=rnb1kbnr/2q4p/p1ppp1p1/1p2Bp2/3P4/2PBPN2/PP1N1PPP/R2Q1RK1 b kq - 1 9 time=0.35 engine_skill=0 engine_persona=Grasshopper
[MOVE-RESULT] 2026-01-19T08:53:42.617705 reply='g8h6' fen=rnb1kb1r/2q4p/p1ppp1pn/1p2Bp2/3P4/2PBPN2/PP1N1PPP/R2Q1RK1 w kq - 2 10 engine_skill=0 engine_persona=Grasshopper rng_seed=None
[MOVE] 2026-01-19T08:53:45.600557 uci=e5h8 fen=rnb1kb1B/2q4p/p1ppp1pn/1p3p2/3P4/2PBPN2/PP1N1PPP/R2Q1RK1 b q - 0 10 time=0.35 engine_skill=0 engine_persona=Grasshopper
[MOVE-RESULT] 2026-01-19T08:53:45.917799 reply='c7e7' fen=rnb1kb1B/4q2p/p1ppp1pn/1p3p2/3P4/2PBPN2/PP1N1PPP/R2Q1RK1 w q - 1 11 engine_skill=0 engine_persona=Grasshopper rng_seed=None
[MOVE] 2026-01-19T08:54:07.747030 uci=c3c4 fen=rnb1kb1B/4q2p/p1ppp1pn/1p3p2/2PP4/3BPN2/PP1N1PPP/R2Q1RK1 b q - 0 11 time=0.35 engine_skill=0 engine_persona=Grasshopper
[MOVE-RESULT] 2026-01-19T08:54:08.063894 reply='b5b4' fen=rnb1kb1B/4q2p/p1ppp1pn/5p2/1pPP4/3BPN2/PP1N1PPP/R2Q1RK1 w q - 0 12 engine_skill=0 engine_persona=Grasshopper rng_seed=None
[MOVE] 2026-01-19T08:55:07.286977 uci=e3e4 fen=rnb1kb1B/4q2p/p1ppp1pn/5p2/1pPPP3/3B1N2/PP1N1PPP/R2Q1RK1 b q - 0 12 time=0.35 engine_skill=0 engine_persona=Grasshopper
[MOVE-RESULT] 2026-01-19T08:55:07.598077 reply='a6a5' fen=rnb1kb1B/4q2p/2ppp1pn/p4p2/1pPPP3/3B1N2/PP1N1PPP/R2Q1RK1 w q - 0 13 engine_skill=0 engine_persona=Grasshopper rng_seed=None
[MOVE] 2026-01-19T08:55:20.993269 uci=e4e5 fen=rnb1kb1B/4q2p/2ppp1pn/p3Pp2/1pPP4/3B1N2/PP1N1PPP/R2Q1RK1 b q - 0 13 time=0.35 engine_skill=0 engine_persona=Grasshopper
[MOVE-RESULT] 2026-01-19T08:55:21.303661 reply='h6g4' fen=rnb1kb1B/4q2p/2ppp1p1/p3Pp2/1pPP2n1/3B1N2/PP1N1PPP/R2Q1RK1 w q - 1 14 engine_skill=0 engine_persona=Grasshopper rng_seed=None
[MOVE] 2026-01-19T08:55:35.935671 uci=e5d6 fen=rnb1kb1B/4q2p/2pPp1p1/p4p2/1pPP2n1/3B1N2/PP1N1PPP/R2Q1RK1 b q - 0 14 time=0.35 engine_skill=0 engine_persona=Grasshopper
[MOVE-RESULT] 2026-01-19T08:55:36.249466 reply='e7f7' fen=rnb1kb1B/5q1p/2pPp1p1/p4p2/1pPP2n1/3B1N2/PP1N1PPP/R2Q1RK1 w q - 1 15 engine_skill=0 engine_persona=Grasshopper rng_seed=None
[MOVE] 2026-01-19T08:55:38.218388 uci=c4c5 fen=rnb1kb1B/5q1p/2pPp1p1/p1P2p2/1p1P2n1/3B1N2/PP1N1PPP/R2Q1RK1 b q - 0 15 time=0.35 engine_skill=0 engine_persona=Grasshopper
[MOVE-RESULT] 2026-01-19T08:55:38.528476 reply='g4h6' fen=rnb1kb1B/5q1p/2pPp1pn/p1P2p2/1p1P4/3B1N2/PP1N1PPP/R2Q1RK1 w q - 1 16 engine_skill=0 engine_persona=Grasshopper rng_seed=None
[MOVE] 2026-01-19T08:55:43.846949 uci=d4d5 fen=rnb1kb1B/5q1p/2pPp1pn/p1PP1p2/1p6/3B1N2/PP1N1PPP/R2Q1RK1 b q - 0 16 time=0.35 engine_skill=0 engine_persona=Grasshopper
[MOVE-RESULT] 2026-01-19T08:55:44.166229 reply='h6g4' fen=rnb1kb1B/5q1p/2pPp1p1/p1PP1p2/1p4n1/3B1N2/PP1N1PPP/R2Q1RK1 w q - 1 17 engine_skill=0 engine_persona=Grasshopper rng_seed=None
[MOVE] 2026-01-19T08:56:06.136380 uci=d5e6 fen=rnb1kb1B/5q1p/2pPP1p1/p1P2p2/1p4n1/3B1N2/PP1N1PPP/R2Q1RK1 b q - 0 17 time=0.35 engine_skill=0 engine_persona=Grasshopper
[MOVE-RESULT] 2026-01-19T08:56:06.448881 reply='c8e6' fen=rn2kb1B/5q1p/2pPb1p1/p1P2p2/1p4n1/3B1N2/PP1N1PPP/R2Q1RK1 w q - 0 18 engine_skill=0 engine_persona=Grasshopper rng_seed=None
[MOVE] 2026-01-19T08:56:18.786811 uci=f3g5 fen=rn2kb1B/5q1p/2pPb1p1/p1P2pN1/1p4n1/3B4/PP1N1PPP/R2Q1RK1 b q - 1 18 time=0.35 engine_skill=0 engine_persona=Grasshopper
[MOVE-RESULT] 2026-01-19T08:56:19.095214 reply='f7a7' fen=rn2kb1B/q6p/2pPb1p1/p1P2pN1/1p4n1/3B4/PP1N1PPP/R2Q1RK1 w q - 2 19 engine_skill=0 engine_persona=Grasshopper rng_seed=None
[MOVE] 2026-01-19T08:56:21.499152 uci=g5e6 fen=rn2kb1B/q6p/2pPN1p1/p1P2p2/1p4n1/3B4/PP1N1PPP/R2Q1RK1 b q - 0 19 time=0.35 engine_skill=0 engine_persona=Grasshopper
[MOVE-RESULT] 2026-01-19T08:56:21.819380 reply='a7b7' fen=rn2kb1B/1q5p/2pPN1p1/p1P2p2/1p4n1/3B4/PP1N1PPP/R2Q1RK1 w q - 1 20 engine_skill=0 engine_persona=Grasshopper rng_seed=None
[MOVE] 2026-01-19T08:56:23.256415 uci=e6f8 fen=rn2kN1B/1q5p/2pP2p1/p1P2p2/1p4n1/3B4/PP1N1PPP/R2Q1RK1 b q - 0 20 time=0.35 engine_skill=0 engine_persona=Grasshopper
[MOVE-RESULT] 2026-01-19T08:56:23.579729 reply='g4h2' fen=rn2kN1B/1q5p/2pP2p1/p1P2p2/1p6/3B4/PP1N1PPn/R2Q1RK1 w q - 0 21 engine_skill=0 engine_persona=Grasshopper rng_seed=None
[MOVE] 2026-01-19T08:56:26.559544 uci=g1h2 fen=rn2kN1B/1q5p/2pP2p1/p1P2p2/1p6/3B4/PP1N1PPK/R2Q1R2 b q - 0 21 time=0.35 engine_skill=0 engine_persona=Grasshopper
[MOVE-RESULT] 2026-01-19T08:56:26.890646 reply='b7b5' fen=rn2kN1B/7p/2pP2p1/pqP2p2/1p6/3B4/PP1N1PPK/R2Q1R2 w q - 1 22 engine_skill=0 engine_persona=Grasshopper rng_seed=None
[MOVE] 2026-01-19T08:56:30.010935 uci=d3b5 fen=rn2kN1B/7p/2pP2p1/pBP2p2/1p6/8/PP1N1PPK/R2Q1R2 b q - 0 22 time=0.35 engine_skill=0 engine_persona=Grasshopper
[MOVE-RESULT] 2026-01-19T08:56:30.359968 reply='a8a6' fen=1n2kN1B/7p/r1pP2p1/pBP2p2/1p6/8/PP1N1PPK/R2Q1R2 w - - 1 23 engine_skill=0 engine_persona=Grasshopper rng_seed=None
[MOVE] 2026-01-19T08:56:33.046765 uci=b5a6 fen=1n2kN1B/7p/B1pP2p1/p1P2p2/1p6/8/PP1N1PPK/R2Q1R2 b - - 0 23 time=0.35 engine_skill=0 engine_persona=Grasshopper
[MOVE-RESULT] 2026-01-19T08:56:33.400512 reply='b4b3' fen=1n2kN1B/7p/B1pP2p1/p1P2p2/8/1p6/PP1N1PPK/R2Q1R2 w - - 0 24 engine_skill=0 engine_persona=Grasshopper rng_seed=None
[MOVE] 2026-01-19T08:56:35.904393 uci=a2b3 fen=1n2kN1B/7p/B1pP2p1/p1P2p2/8/1P6/1P1N1PPK/R2Q1R2 b - - 0 24 time=0.35 engine_skill=0 engine_persona=Grasshopper
[MOVE-RESULT] 2026-01-19T08:56:36.261546 reply='h7h6' fen=1n2kN1B/8/B1pP2pp/p1P2p2/8/1P6/1P1N1PPK/R2Q1R2 w - - 0 25 engine_skill=0 engine_persona=Grasshopper rng_seed=None
[MOVE] 2026-01-19T08:56:49.858911 uci=f1e1 fen=1n2kN1B/8/B1pP2pp/p1P2p2/8/1P6/1P1N1PPK/R2QR3 b - - 1 25 time=0.35 engine_skill=0 engine_persona=Grasshopper
[MOVE-RESULT] 2026-01-19T08:56:50.191293 reply='e8d8' fen=1n1k1N1B/8/B1pP2pp/p1P2p2/8/1P6/1P1N1PPK/R2QR3 w - - 2 26 engine_skill=0 engine_persona=Grasshopper rng_seed=None
[MOVE] 2026-01-19T08:56:52.397598 uci=d1f3 fen=1n1k1N1B/8/B1pP2pp/p1P2p2/8/1P3Q2/1P1N1PPK/R3R3 b - - 3 26 time=0.35 engine_skill=0 engine_persona=Grasshopper
[MOVE-RESULT] 2026-01-19T08:56:52.713981 reply='g6g5' fen=1n1k1N1B/8/B1pP3p/p1P2pp1/8/1P3Q2/1P1N1PPK/R3R3 w - - 0 27 engine_skill=0 engine_persona=Grasshopper rng_seed=None
[MOVE] 2026-01-19T08:56:54.879559 uci=f3f5 fen=1n1k1N1B/8/B1pP3p/p1P2Qp1/8/1P6/1P1N1PPK/R3R3 b - - 0 27 time=0.35 engine_skill=0 engine_persona=Grasshopper
[MOVE-RESULT] 2026-01-19T08:56:55.220077 reply='b8d7' fen=3k1N1B/3n4/B1pP3p/p1P2Qp1/8/1P6/1P1N1PPK/R3R3 w - - 1 28 engine_skill=0 engine_persona=Grasshopper rng_seed=None
[MOVE] 2026-01-19T08:57:03.700537 uci=f5g6 fen=3k1N1B/3n4/B1pP2Qp/p1P3p1/8/1P6/1P1N1PPK/R3R3 b - - 2 28 time=0.35 engine_skill=0 engine_persona=Grasshopper
[MOVE-RESULT] 2026-01-19T08:57:04.010281 reply='d7f6' fen=3k1N1B/8/B1pP1nQp/p1P3p1/8/1P6/1P1N1PPK/R3R3 w - - 3 29 engine_skill=0 engine_persona=Grasshopper rng_seed=None
[MOVE] 2026-01-19T08:57:06.116236 uci=g6f6 fen=3k1N1B/8/B1pP1Q1p/p1P3p1/8/1P6/1P1N1PPK/R3R3 b - - 0 29 time=0.35 engine_skill=0 engine_persona=Grasshopper
[MOVE-RESULT] 2026-01-19T08:57:06.427299 reply='g6f6' fen=3k1N1B/8/B1pP1Q1p/p1P3p1/8/1P6/1P1N1PPK/R3R3 b - - 0 29 engine_skill=0 engine_persona=Grasshopper rng_seed=None
[MOVE] 2026-01-19T09:18:42.457352 uci=d2d4 fen=rnbqkbnr/pppppppp/8/8/3P4/8/PPP1PPPP/RNBQKBNR b KQkq - 0 1 time=0.35 engine_skill=0 engine_persona=Grasshopper
[MOVE-RESULT] 2026-01-19T09:18:42.882440 reply='d7d5' fen=rnbqkbnr/ppp1pppp/8/3p4/3P4/8/PPP1PPPP/RNBQKBNR w KQkq - 0 2 engine_skill=0 engine_persona=Grasshopper rng_seed=None
[MOVE] 2026-01-19T09:18:47.543514 uci=b1c3 fen=rnbqkbnr/ppp1pppp/8/3p4/3P4/2N5/PPP1PPPP/R1BQKBNR b KQkq - 1 2 time=0.35 engine_skill=0 engine_persona=Grasshopper
[MOVE-RESULT] 2026-01-19T09:18:47.905855 reply='c8g4' fen=rn1qkbnr/ppp1pppp/8/3p4/3P2b1/2N5/PPP1PPPP/R1BQKBNR w KQkq - 2 3 engine_skill=0 engine_persona=Grasshopper rng_seed=None
[MOVE] 2026-01-19T09:26:55.441049 uci=d2d4 fen=rnbqkbnr/pppppppp/8/8/3P4/8/PPP1PPPP/RNBQKBNR b KQkq - 0 1 time=0.35 engine_skill=0 engine_persona=Grasshopper
[MOVE-RESULT] 2026-01-19T09:26:55.862765 reply='g8f6' fen=rnbqkb1r/pppppppp/5n2/8/3P4/8/PPP1PPPP/RNBQKBNR w KQkq - 1 2 engine_skill=0 engine_persona=Grasshopper rng_seed=None
[MOVE] 2026-01-19T09:32:55.340310 uci=d2d4 fen=rnbqkbnr/pppppppp/8/8/3P4/8/PPP1PPPP/RNBQKBNR b KQkq - 0 1 time=0.35 engine_skill=0 engine_persona=Grasshopper
[MOVE-RESULT] 2026-01-19T09:32:55.928056 reply='c7c5' fen=rnbqkbnr/pp1ppppp/8/2p5/3P4/8/PPP1PPPP/RNBQKBNR w KQkq - 0 2 engine_skill=0 engine_persona=Grasshopper rng_seed=None
[MOVE] 2026-01-19T09:35:17.599122 uci=d2d4 fen=rnbqkbnr/pppppppp/8/8/3P4/8/PPP1PPPP/RNBQKBNR b KQkq - 0 1 time=0.35 engine_skill=0 engine_persona=Grasshopper
[MOVE-RESULT] 2026-01-19T09:35:18.255821 reply='g7g6' fen=rnbqkbnr/pppppp1p/6p1/8/3P4/8/PPP1PPPP/RNBQKBNR w KQkq - 0 2 engine_skill=0 engine_persona=Grasshopper rng_seed=None
[MOVE] 2026-01-19T19:33:05.839244 uci=d2d4 fen=rnbqkbnr/pppppppp/8/8/3P4/8/PPP1PPPP/RNBQKBNR b KQkq - 0 1 time=0.35 engine_skill=0 engine_persona=Grasshopper
[MOVE-RESULT] 2026-01-19T19:33:06.752917 reply='f7f5' fen=rnbqkbnr/ppppp1pp/8/5p2/3P4/8/PPP1PPPP/RNBQKBNR w KQkq - 0 2 engine_skill=0 engine_persona=Grasshopper rng_seed=None
[MOVE] 2026-01-19T19:33:11.103048 uci=c1f4 fen=rnbqkbnr/ppppp1pp/8/5p2/3P1B2/8/PPP1PPPP/RN1QKBNR b KQkq - 1 2 time=0.35 engine_skill=0 engine_persona=Grasshopper
[MOVE-RESULT] 2026-01-19T19:33:11.474603 reply='c7c6' fen=rnbqkbnr/pp1pp1pp/2p5/5p2/3P1B2/8/PPP1PPPP/RN1QKBNR w KQkq - 0 3 engine_skill=0 engine_persona=Grasshopper rng_seed=None
[MOVE] 2026-01-19T19:33:14.891852 uci=g1f3 fen=rnbqkbnr/pp1pp1pp/2p5/5p2/3P1B2/5N2/PPP1PPPP/RN1QKB1R b KQkq - 1 3 time=0.35 engine_skill=0 engine_persona=Grasshopper
[MOVE-RESULT] 2026-01-19T19:33:15.252086 reply='d7d6' fen=rnbqkbnr/pp2p1pp/2pp4/5p2/3P1B2/5N2/PPP1PPPP/RN1QKB1R w KQkq - 0 4 engine_skill=0 engine_persona=Grasshopper rng_seed=None
[MOVE] 2026-01-19T19:33:16.561666 uci=e2e3 fen=rnbqkbnr/pp2p1pp/2pp4/5p2/3P1B2/4PN2/PPP2PPP/RN1QKB1R b KQkq - 0 4 time=0.35 engine_skill=0 engine_persona=Grasshopper
[MOVE-RESULT] 2026-01-19T19:33:16.904411 reply='b8d7' fen=r1bqkbnr/pp1np1pp/2pp4/5p2/3P1B2/4PN2/PPP2PPP/RN1QKB1R w KQkq - 1 5 engine_skill=0 engine_persona=Grasshopper rng_seed=None
[MOVE] 2026-01-19T19:33:23.473469 uci=f1d3 fen=r1bqkbnr/pp1np1pp/2pp4/5p2/3P1B2/3BPN2/PPP2PPP/RN1QK2R b KQkq - 2 5 time=0.35 engine_skill=0 engine_persona=Grasshopper
[MOVE-RESULT] 2026-01-19T19:33:23.815901 reply='d7b6' fen=r1bqkbnr/pp2p1pp/1npp4/5p2/3P1B2/3BPN2/PPP2PPP/RN1QK2R w KQkq - 3 6 engine_skill=0 engine_persona=Grasshopper rng_seed=None
[MOVE] 2026-01-19T19:33:25.579478 uci=b1d2 fen=r1bqkbnr/pp2p1pp/1npp4/5p2/3P1B2/3BPN2/PPPN1PPP/R2QK2R b KQkq - 4 6 time=0.35 engine_skill=0 engine_persona=Grasshopper
[MOVE-RESULT] 2026-01-19T19:33:25.956543 reply='b6d5' fen=r1bqkbnr/pp2p1pp/2pp4/3n1p2/3P1B2/3BPN2/PPPN1PPP/R2QK2R w KQkq - 5 7 engine_skill=0 engine_persona=Grasshopper rng_seed=None
[MOVE] 2026-01-19T19:33:42.375619 uci=f4g5 fen=r1bqkbnr/pp2p1pp/2pp4/3n1pB1/3P4/3BPN2/PPPN1PPP/R2QK2R b KQkq - 6 7 time=0.35 engine_skill=0 engine_persona=Grasshopper
[MOVE-RESULT] 2026-01-19T19:33:42.704482 reply='d8a5' fen=r1b1kbnr/pp2p1pp/2pp4/q2n1pB1/3P4/3BPN2/PPPN1PPP/R2QK2R w KQkq - 7 8 engine_skill=0 engine_persona=Grasshopper rng_seed=None
[MOVE] 2026-01-19T19:33:58.941284 uci=e1g1 fen=r1b1kbnr/pp2p1pp/2pp4/q2n1pB1/3P4/3BPN2/PPPN1PPP/R2Q1RK1 b kq - 8 8 time=0.35 engine_skill=0 engine_persona=Grasshopper
[MOVE-RESULT] 2026-01-19T19:33:59.304356 reply='d5c7' fen=r1b1kbnr/ppn1p1pp/2pp4/q4pB1/3P4/3BPN2/PPPN1PPP/R2Q1RK1 w kq - 9 9 engine_skill=0 engine_persona=Grasshopper rng_seed=None
[MOVE] 2026-01-19T19:34:01.570033 uci=d2b3 fen=r1b1kbnr/ppn1p1pp/2pp4/q4pB1/3P4/1N1BPN2/PPP2PPP/R2Q1RK1 b kq - 10 9 time=0.35 engine_skill=0 engine_persona=Grasshopper
[MOVE-RESULT] 2026-01-19T19:34:01.901350 reply='a5d5' fen=r1b1kbnr/ppn1p1pp/2pp4/3q1pB1/3P4/1N1BPN2/PPP2PPP/R2Q1RK1 w kq - 11 10 engine_skill=0 engine_persona=Grasshopper rng_seed=None
[MOVE] 2026-01-19T19:34:20.966514 uci=c2c3 fen=r1b1kbnr/ppn1p1pp/2pp4/3q1pB1/3P4/1NPBPN2/PP3PPP/R2Q1RK1 b kq - 0 10 time=0.35 engine_skill=0 engine_persona=Grasshopper
[MOVE-RESULT] 2026-01-19T19:34:21.307997 reply='a7a6' fen=r1b1kbnr/1pn1p1pp/p1pp4/3q1pB1/3P4/1NPBPN2/PP3PPP/R2Q1RK1 w kq - 0 11 engine_skill=0 engine_persona=Grasshopper rng_seed=None
[MOVE] 2026-01-19T19:35:02.142194 uci=e3e4 fen=r1b1kbnr/1pn1p1pp/p1pp4/3q1pB1/3PP3/1NPB1N2/PP3PPP/R2Q1RK1 b kq - 0 11 time=0.35 engine_skill=0 engine_persona=Grasshopper
[MOVE-RESULT] 2026-01-19T19:35:02.461242 reply='h7h6' fen=r1b1kbnr/1pn1p1p1/p1pp3p/3q1pB1/3PP3/1NPB1N2/PP3PPP/R2Q1RK1 w kq - 0 12 engine_skill=0 engine_persona=Grasshopper rng_seed=None
[MOVE] 2026-01-19T19:35:05.151547 uci=e4d5 fen=r1b1kbnr/1pn1p1p1/p1pp3p/3P1pB1/3P4/1NPB1N2/PP3PPP/R2Q1RK1 b kq - 0 12 time=0.35 engine_skill=0 engine_persona=Grasshopper
[MOVE-RESULT] 2026-01-19T19:35:05.593120 reply='b7b6' fen=r1b1kbnr/2n1p1p1/pppp3p/3P1pB1/3P4/1NPB1N2/PP3PPP/R2Q1RK1 w kq - 0 13 engine_skill=0 engine_persona=Grasshopper rng_seed=None
[MOVE] 2026-01-19T19:35:08.285451 uci=f1e1 fen=r1b1kbnr/2n1p1p1/pppp3p/3P1pB1/3P4/1NPB1N2/PP3PPP/R2QR1K1 b kq - 1 13 time=0.35 engine_skill=0 engine_persona=Grasshopper
[MOVE-RESULT] 2026-01-19T19:35:08.716682 reply='b6b5' fen=r1b1kbnr/2n1p1p1/p1pp3p/1p1P1pB1/3P4/1NPB1N2/PP3PPP/R2QR1K1 w kq - 0 14 engine_skill=0 engine_persona=Grasshopper rng_seed=None
[MOVE] 2026-01-19T19:35:12.279461 uci=d1d2 fen=r1b1kbnr/2n1p1p1/p1pp3p/1p1P1pB1/3P4/1NPB1N2/PP1Q1PPP/R3R1K1 b kq - 1 14 time=0.35 engine_skill=0 engine_persona=Grasshopper
[MOVE-RESULT] 2026-01-19T19:35:12.604897 reply='b5b4' fen=r1b1kbnr/2n1p1p1/p1pp3p/3P1pB1/1p1P4/1NPB1N2/PP1Q1PPP/R3R1K1 w kq - 0 15 engine_skill=0 engine_persona=Grasshopper rng_seed=None
[MOVE] 2026-01-19T19:35:15.069797 uci=c3b4 fen=r1b1kbnr/2n1p1p1/p1pp3p/3P1pB1/1P1P4/1N1B1N2/PP1Q1PPP/R3R1K1 b kq - 0 15 time=0.35 engine_skill=0 engine_persona=Grasshopper
[MOVE-RESULT] 2026-01-19T19:35:15.444657 reply='c7b5' fen=r1b1kbnr/4p1p1/p1pp3p/1n1P1pB1/1P1P4/1N1B1N2/PP1Q1PPP/R3R1K1 w kq - 1 16 engine_skill=0 engine_persona=Grasshopper rng_seed=None
[MOVE] 2026-01-19T19:35:22.344749 uci=a1c1 fen=r1b1kbnr/4p1p1/p1pp3p/1n1P1pB1/1P1P4/1N1B1N2/PP1Q1PPP/2R1R1K1 b kq - 2 16 time=0.35 engine_skill=0 engine_persona=Grasshopper
[MOVE-RESULT] 2026-01-19T19:35:22.666449 reply='c6c5' fen=r1b1kbnr/4p1p1/p2p3p/1npP1pB1/1P1P4/1N1B1N2/PP1Q1PPP/2R1R1K1 w kq - 0 17 engine_skill=0 engine_persona=Grasshopper rng_seed=None
[MOVE] 2026-01-19T19:35:25.355233 uci=b4c5 fen=r1b1kbnr/4p1p1/p2p3p/1nPP1pB1/3P4/1N1B1N2/PP1Q1PPP/2R1R1K1 b kq - 0 17 time=0.35 engine_skill=0 engine_persona=Grasshopper
[MOVE-RESULT] 2026-01-19T19:35:25.694548 reply='c8d7' fen=r3kbnr/3bp1p1/p2p3p/1nPP1pB1/3P4/1N1B1N2/PP1Q1PPP/2R1R1K1 w kq - 1 18 engine_skill=0 engine_persona=Grasshopper rng_seed=None
[MOVE] 2026-01-19T19:35:27.617581 uci=c5d6 fen=r3kbnr/3bp1p1/p2P3p/1n1P1pB1/3P4/1N1B1N2/PP1Q1PPP/2R1R1K1 b kq - 0 18 time=0.35 engine_skill=0 engine_persona=Grasshopper
[MOVE-RESULT] 2026-01-19T19:35:27.940693 reply='e7e5' fen=r3kbnr/3b2p1/p2P3p/1n1PppB1/3P4/1N1B1N2/PP1Q1PPP/2R1R1K1 w kq e6 0 19 engine_skill=0 engine_persona=Grasshopper rng_seed=None
[MOVE] 2026-01-19T19:35:30.211170 uci=d4e5 fen=r3kbnr/3b2p1/p2P3p/1n1PPpB1/8/1N1B1N2/PP1Q1PPP/2R1R1K1 b kq - 0 19 time=0.35 engine_skill=0 engine_persona=Grasshopper
[MOVE-RESULT] 2026-01-19T19:35:30.529093 reply='f5f4' fen=r3kbnr/3b2p1/p2P3p/1n1PP1B1/5p2/1N1B1N2/PP1Q1PPP/2R1R1K1 w kq - 0 20 engine_skill=0 engine_persona=Grasshopper rng_seed=None
[MOVE] 2026-01-19T19:35:34.958800 uci=g5f4 fen=r3kbnr/3b2p1/p2P3p/1n1PP3/5B2/1N1B1N2/PP1Q1PPP/2R1R1K1 b kq - 0 20 time=0.35 engine_skill=0 engine_persona=Grasshopper
[MOVE-RESULT] 2026-01-19T19:35:35.283135 reply='d7h3' fen=r3kbnr/6p1/p2P3p/1n1PP3/5B2/1N1B1N1b/PP1Q1PPP/2R1R1K1 w kq - 1 21 engine_skill=0 engine_persona=Grasshopper rng_seed=None
[MOVE] 2026-01-19T19:35:54.180431 uci=g2h3 fen=r3kbnr/6p1/p2P3p/1n1PP3/5B2/1N1B1N1P/PP1Q1P1P/2R1R1K1 b kq - 0 21 time=0.35 engine_skill=0 engine_persona=Grasshopper
[MOVE-RESULT] 2026-01-19T19:35:54.486475 reply='a6a5' fen=r3kbnr/6p1/3P3p/pn1PP3/5B2/1N1B1N1P/PP1Q1P1P/2R1R1K1 w kq - 0 22 engine_skill=0 engine_persona=Grasshopper rng_seed=None
[MOVE] 2026-01-19T19:36:06.205600 uci=d3b5 fen=r3kbnr/6p1/3P3p/pB1PP3/5B2/1N3N1P/PP1Q1P1P/2R1R1K1 b kq - 0 22 time=0.35 engine_skill=0 engine_persona=Grasshopper
[MOVE-RESULT] 2026-01-19T19:36:06.517500 reply='e8d8' fen=r2k1bnr/6p1/3P3p/pB1PP3/5B2/1N3N1P/PP1Q1P1P/2R1R1K1 w - - 1 23 engine_skill=0 engine_persona=Grasshopper rng_seed=None
[MOVE] 2026-01-19T19:36:12.775847 uci=c1c7 fen=r2k1bnr/2R3p1/3P3p/pB1PP3/5B2/1N3N1P/PP1Q1P1P/4R1K1 b - - 2 23 time=0.35 engine_skill=0 engine_persona=Grasshopper
[MOVE-RESULT] 2026-01-19T19:36:13.103678 reply='a8a6' fen=3k1bnr/2R3p1/r2P3p/pB1PP3/5B2/1N3N1P/PP1Q1P1P/4R1K1 w - - 3 24 engine_skill=0 engine_persona=Grasshopper rng_seed=None
[MOVE] 2026-01-19T19:36:15.959570 uci=b5a6 fen=3k1bnr/2R3p1/B2P3p/p2PP3/5B2/1N3N1P/PP1Q1P1P/4R1K1 b - - 0 24 time=0.35 engine_skill=0 engine_persona=Grasshopper
[MOVE-RESULT] 2026-01-19T19:36:16.412722 reply='a5a4' fen=3k1bnr/2R3p1/B2P3p/3PP3/p4B2/1N3N1P/PP1Q1P1P/4R1K1 w - - 0 25 engine_skill=0 engine_persona=Grasshopper rng_seed=None
[MOVE] 2026-01-19T19:36:19.698355 uci=b3c5 fen=3k1bnr/2R3p1/B2P3p/2NPP3/p4B2/5N1P/PP1Q1P1P/4R1K1 b - - 1 25 time=0.35 engine_skill=0 engine_persona=Grasshopper
[MOVE-RESULT] 2026-01-19T19:36:20.023353 reply='h6h5' fen=3k1bnr/2R3p1/B2P4/2NPP2p/p4B2/5N1P/PP1Q1P1P/4R1K1 w - - 0 26 engine_skill=0 engine_persona=Grasshopper rng_seed=None
[MOVE] 2026-01-19T19:36:26.139805 uci=f4g5 fen=3k1bnr/2R3p1/B2P4/2NPP1Bp/p7/5N1P/PP1Q1P1P/4R1K1 b - - 1 26 time=0.35 engine_skill=0 engine_persona=Grasshopper
[MOVE-RESULT] 2026-01-19T19:36:26.451068 reply='d8e8' fen=4kbnr/2R3p1/B2P4/2NPP1Bp/p7/5N1P/PP1Q1P1P/4R1K1 w - - 2 27 engine_skill=0 engine_persona=Grasshopper rng_seed=None
[MOVE] 2026-01-19T19:36:36.419952 uci=e1c1 fen=4kbnr/2R3p1/B2P4/2NPP1Bp/p7/5N1P/PP1Q1P1P/2R3K1 b - - 3 27 time=0.35 engine_skill=0 engine_persona=Grasshopper
[MOVE-RESULT] 2026-01-19T19:36:36.778628 reply='g7g6' fen=4kbnr/2R5/B2P2p1/2NPP1Bp/p7/5N1P/PP1Q1P1P/2R3K1 w - - 0 28 engine_skill=0 engine_persona=Grasshopper rng_seed=None
[MOVE] 2026-01-19T19:36:45.027952 uci=c7a7 fen=4kbnr/R7/B2P2p1/2NPP1Bp/p7/5N1P/PP1Q1P1P/2R3K1 b - - 1 28 time=0.35 engine_skill=0 engine_persona=Grasshopper
[MOVE-RESULT] 2026-01-19T19:36:45.400972 reply='f8g7' fen=4k1nr/R5b1/B2P2p1/2NPP1Bp/p7/5N1P/PP1Q1P1P/2R3K1 w - - 2 29 engine_skill=0 engine_persona=Grasshopper rng_seed=None
[MOVE] 2026-01-19T19:36:53.752294 uci=c5e6 fen=4k1nr/R5b1/B2PN1p1/3PP1Bp/p7/5N1P/PP1Q1P1P/2R3K1 b - - 3 29 time=0.35 engine_skill=0 engine_persona=Grasshopper
[MOVE-RESULT] 2026-01-19T19:36:54.104147 reply='g7f6' fen=4k1nr/R7/B2PNbp1/3PP1Bp/p7/5N1P/PP1Q1P1P/2R3K1 w - - 4 30 engine_skill=0 engine_persona=Grasshopper rng_seed=None
[MOVE] 2026-01-19T19:36:58.006685 uci=g5f6 fen=4k1nr/R7/B2PNBp1/3PP2p/p7/5N1P/PP1Q1P1P/2R3K1 b - - 0 30 time=0.35 engine_skill=0 engine_persona=Grasshopper
[MOVE-RESULT] 2026-01-19T19:36:58.361563 reply='g8e7' fen=4k2r/R3n3/B2PNBp1/3PP2p/p7/5N1P/PP1Q1P1P/2R3K1 w - - 1 31 engine_skill=0 engine_persona=Grasshopper rng_seed=None
[MOVE] 2026-01-19T19:37:00.721938 uci=f6h8 fen=4k2B/R3n3/B2PN1p1/3PP2p/p7/5N1P/PP1Q1P1P/2R3K1 b - - 0 31 time=0.35 engine_skill=0 engine_persona=Grasshopper
[MOVE-RESULT] 2026-01-19T19:37:01.066687 reply='h5h4' fen=4k2B/R3n3/B2PN1p1/3PP3/p6p/5N1P/PP1Q1P1P/2R3K1 w - - 0 32 engine_skill=0 engine_persona=Grasshopper rng_seed=None
[MOVE] 2026-01-19T19:37:04.275151 uci=f3h4 fen=4k2B/R3n3/B2PN1p1/3PP3/p6N/7P/PP1Q1P1P/2R3K1 b - - 0 32 time=0.35 engine_skill=0 engine_persona=Grasshopper
[MOVE-RESULT] 2026-01-19T19:37:04.595848 reply='g6g5' fen=4k2B/R3n3/B2PN3/3PP1p1/p6N/7P/PP1Q1P1P/2R3K1 w - - 0 33 engine_skill=0 engine_persona=Grasshopper rng_seed=None
[MOVE] 2026-01-19T19:37:08.811583 uci=h4f3 fen=4k2B/R3n3/B2PN3/3PP1p1/p7/5N1P/PP1Q1P1P/2R3K1 b - - 1 33 time=0.35 engine_skill=0 engine_persona=Grasshopper
[MOVE-RESULT] 2026-01-19T19:37:09.124915 reply='a4a3' fen=4k2B/R3n3/B2PN3/3PP1p1/8/p4N1P/PP1Q1P1P/2R3K1 w - - 0 34 engine_skill=0 engine_persona=Grasshopper rng_seed=None
[MOVE] 2026-01-19T19:37:11.609653 uci=b2a3 fen=4k2B/R3n3/B2PN3/3PP1p1/8/P4N1P/P2Q1P1P/2R3K1 b - - 0 34 time=0.35 engine_skill=0 engine_persona=Grasshopper
[MOVE-RESULT] 2026-01-19T19:37:11.971642 reply='g5g4' fen=4k2B/R3n3/B2PN3/3PP3/6p1/P4N1P/P2Q1P1P/2R3K1 w - - 0 35 engine_skill=0 engine_persona=Grasshopper rng_seed=None
[MOVE] 2026-01-19T19:37:13.992178 uci=c1b1 fen=4k2B/R3n3/B2PN3/3PP3/6p1/P4N1P/P2Q1P1P/1R4K1 b - - 1 35 time=0.35 engine_skill=0 engine_persona=Grasshopper
[MOVE-RESULT] 2026-01-19T19:37:14.320683 reply='g4g3' fen=4k2B/R3n3/B2PN3/3PP3/8/P4NpP/P2Q1P1P/1R4K1 w - - 0 36 engine_skill=0 engine_persona=Grasshopper rng_seed=None
[MOVE] 2026-01-19T19:37:20.994764 uci=b1b8 fen=1R2k2B/R3n3/B2PN3/3PP3/8/P4NpP/P2Q1P1P/6K1 b - - 1 36 time=0.35 engine_skill=0 engine_persona=Grasshopper
[MOVE-RESULT] 2026-01-19T19:37:21.310649 reply='e7c8' fen=1Rn1k2B/R7/B2PN3/3PP3/8/P4NpP/P2Q1P1P/6K1 w - - 2 37 engine_skill=0 engine_persona=Grasshopper rng_seed=None
[MOVE] 2026-01-19T19:37:23.526231 uci=b8c8 fen=2R1k2B/R7/B2PN3/3PP3/8/P4NpP/P2Q1P1P/6K1 b - - 0 37 time=0.35 engine_skill=0 engine_persona=Grasshopper
[MOVE-RESULT] 2026-01-19T19:37:23.843023 reply='b8c8' fen=2R1k2B/R7/B2PN3/3PP3/8/P4NpP/P2Q1P1P/6K1 b - - 0 37 engine_skill=0 engine_persona=Grasshopper rng_seed=None
[MOVE] 2026-01-19T19:57:16.847135 uci=d2d4 fen=rnbqkbnr/pppppppp/8/8/3P4/8/PPP1PPPP/RNBQKBNR b KQkq - 0 1 time=0.35 engine_skill=0 engine_persona=Grasshopper
[MOVE-RESULT] 2026-01-19T19:57:17.330466 reply='g7g6' fen=rnbqkbnr/pppppp1p/6p1/8/3P4/8/PPP1PPPP/RNBQKBNR w KQkq - 0 2 engine_skill=0 engine_persona=Grasshopper rng_seed=None
[MOVE] 2026-01-19T20:01:17.701121 uci=d2d4 fen=rnbqkbnr/pppppppp/8/8/3P4/8/PPP1PPPP/RNBQKBNR b KQkq - 0 1 time=0.35 engine_skill=0 engine_persona=Grasshopper
[MOVE-RESULT] 2026-01-19T20:01:18.212685 reply='g8f6' fen=rnbqkb1r/pppppppp/5n2/8/3P4/8/PPP1PPPP/RNBQKBNR w KQkq - 1 2 engine_skill=0 engine_persona=Grasshopper rng_seed=None
[MOVE] 2026-01-19T20:02:08.753719 uci=d2d4 fen=rnbqkbnr/pppppppp/8/8/3P4/8/PPP1PPPP/RNBQKBNR b KQkq - 0 1 time=0.35 engine_skill=0 engine_persona=Grasshopper
[MOVE-RESULT] 2026-01-19T20:02:09.571108 reply='c7c5' fen=rnbqkbnr/pp1ppppp/8/2p5/3P4/8/PPP1PPPP/RNBQKBNR w KQkq - 0 2 engine_skill=0 engine_persona=Grasshopper rng_seed=None
[MOVE] 2026-01-19T20:21:03.818637 uci=d2d4 fen=rnbqkbnr/pppppppp/8/8/3P4/8/PPP1PPPP/RNBQKBNR b KQkq - 0 1 time=0.35 engine_skill=0 engine_persona=Grasshopper
[MOVE-RESULT] 2026-01-19T20:21:04.627340 reply='d7d6' fen=rnbqkbnr/ppp1pppp/3p4/8/3P4/8/PPP1PPPP/RNBQKBNR w KQkq - 0 2 engine_skill=0 engine_persona=Grasshopper rng_seed=None
[MOVE] 2026-01-19T20:23:22.586795 uci=d2d4 fen=rnbqkbnr/pppppppp/8/8/3P4/8/PPP1PPPP/RNBQKBNR b KQkq - 0 1 time=0.35 engine_skill=0 engine_persona=Grasshopper
[MOVE-RESULT] 2026-01-19T20:23:23.395785 reply='g7g6' fen=rnbqkbnr/pppppp1p/6p1/8/3P4/8/PPP1PPPP/RNBQKBNR w KQkq - 0 2 engine_skill=0 engine_persona=Grasshopper rng_seed=None
[MOVE] 2026-01-19T20:24:59.709933 uci=d2d4 fen=rnbqkbnr/pppppppp/8/8/3P4/8/PPP1PPPP/RNBQKBNR b KQkq - 0 1 time=0.35 engine_skill=0 engine_persona=Grasshopper
[MOVE-RESULT] 2026-01-19T20:25:01.269867 reply='g8f6' fen=rnbqkb1r/pppppppp/5n2/8/3P4/8/PPP1PPPP/RNBQKBNR w KQkq - 1 2 engine_skill=0 engine_persona=Grasshopper rng_seed=None
[MOVE] 2026-01-19T20:25:36.639584 uci=d4d5 fen=rnbqkb1r/pppppppp/5n2/3P4/8/8/PPP1PPPP/RNBQKBNR b KQkq - 0 2 time=0.35 engine_skill=0 engine_persona=Grasshopper
[MOVE-RESULT] 2026-01-19T20:25:37.084067 reply='a7a5' fen=rnbqkb1r/1ppppppp/5n2/p2P4/8/8/PPP1PPPP/RNBQKBNR w KQkq - 0 3 engine_skill=0 engine_persona=Grasshopper rng_seed=None
[MOVE] 2026-01-19T20:31:52.875220 uci=d2d4 fen=rnbqkbnr/pppppppp/8/8/3P4/8/PPP1PPPP/RNBQKBNR b KQkq - 0 1 time=0.35 engine_skill=0 engine_persona=Grasshopper
[MOVE-RESULT] 2026-01-19T20:31:53.366261 reply='c7c5' fen=rnbqkbnr/pp1ppppp/8/2p5/3P4/8/PPP1PPPP/RNBQKBNR w KQkq - 0 2 engine_skill=0 engine_persona=Grasshopper rng_seed=None
[MOVE] 2026-01-19T20:33:04.085820 uci=e2e4 fen=rnbqkbnr/pp1ppppp/8/2p5/3PP3/8/PPP2PPP/RNBQKBNR b KQkq - 0 2 time=0.35 engine_skill=0 engine_persona=Grasshopper
[MOVE-RESULT] 2026-01-19T20:33:04.579113 reply='d8c7' fen=rnb1kbnr/ppqppppp/8/2p5/3PP3/8/PPP2PPP/RNBQKBNR w KQkq - 1 3 engine_skill=0 engine_persona=Grasshopper rng_seed=None
[MOVE] 2026-01-19T20:34:14.159940 uci=d2d4 fen=rnbqkbnr/pppppppp/8/8/3P4/8/PPP1PPPP/RNBQKBNR b KQkq - 0 1 time=0.35 engine_skill=0 engine_persona=Grasshopper
[MOVE-RESULT] 2026-01-19T20:34:14.570384 reply='g8f6' fen=rnbqkb1r/pppppppp/5n2/8/3P4/8/PPP1PPPP/RNBQKBNR w KQkq - 1 2 engine_skill=0 engine_persona=Grasshopper rng_seed=None
[MOVE] 2026-01-19T20:35:50.491039 uci=d2d4 fen=rnbqkbnr/pppppppp/8/8/3P4/8/PPP1PPPP/RNBQKBNR b KQkq - 0 1 time=0.35 engine_skill=0 engine_persona=Grasshopper
[MOVE-RESULT] 2026-01-19T20:35:50.924131 reply='d7d6' fen=rnbqkbnr/ppp1pppp/3p4/8/3P4/8/PPP1PPPP/RNBQKBNR w KQkq - 0 2 engine_skill=0 engine_persona=Grasshopper rng_seed=None
[MOVE] 2026-01-19T20:39:50.013633 uci=d2d4 fen=rnbqkbnr/pppppppp/8/8/3P4/8/PPP1PPPP/RNBQKBNR b KQkq - 0 1 time=0.35 engine_skill=0 engine_persona=Grasshopper
[MOVE-RESULT] 2026-01-19T20:39:50.398961 reply='g7g6' fen=rnbqkbnr/pppppp1p/6p1/8/3P4/8/PPP1PPPP/RNBQKBNR w KQkq - 0 2 engine_skill=0 engine_persona=Grasshopper rng_seed=None
[MOVE] 2026-01-19T20:39:53.367606 uci=e2e4 fen=rnbqkbnr/pppppp1p/6p1/8/3PP3/8/PPP2PPP/RNBQKBNR b KQkq - 0 2 time=0.35 engine_skill=0 engine_persona=Grasshopper
[MOVE-RESULT] 2026-01-19T20:39:53.955040 reply='c7c6' fen=rnbqkbnr/pp1ppp1p/2p3p1/8/3PP3/8/PPP2PPP/RNBQKBNR w KQkq - 0 3 engine_skill=0 engine_persona=Grasshopper rng_seed=None
[MOVE] 2026-01-19T20:42:08.914376 uci=d2d4 fen=rnbqkbnr/pppppppp/8/8/3P4/8/PPP1PPPP/RNBQKBNR b KQkq - 0 1 time=0.35 engine_skill=0 engine_persona=Grasshopper
[MOVE-RESULT] 2026-01-19T20:42:09.347341 reply='a7a5' fen=rnbqkbnr/1ppppppp/8/p7/3P4/8/PPP1PPPP/RNBQKBNR w KQkq - 0 2 engine_skill=0 engine_persona=Grasshopper rng_seed=None
